{"C:\\Users\\sujan\\Downloads\\CRM-RE-changes\\CRM-RE-changes\\backend\\config\\db.js": {"path":"C:\\Users\\sujan\\Downloads\\CRM-RE-changes\\CRM-RE-changes\\backend\\config\\db.js","statementMap":{"0":{"start":{"line":1,"column":17},"end":{"line":1,"column":36}},"1":{"start":{"line":2,"column":12},"end":{"line":2,"column":26}},"2":{"start":{"line":3,"column":15},"end":{"line":3,"column":41}},"3":{"start":{"line":4,"column":0},"end":{"line":4,"column":58}},"4":{"start":{"line":8,"column":0},"end":{"line":8,"column":39}},"5":{"start":{"line":11,"column":0},"end":{"line":55,"column":3}},"6":{"start":{"line":12,"column":2},"end":{"line":54,"column":5}},"7":{"start":{"line":15,"column":6},"end":{"line":15,"column":23}},"8":{"start":{"line":16,"column":6},"end":{"line":16,"column":21}},"9":{"start":{"line":17,"column":6},"end":{"line":17,"column":21}},"10":{"start":{"line":19,"column":6},"end":{"line":51,"column":7}},"11":{"start":{"line":20,"column":33},"end":{"line":48,"column":9}},"12":{"start":{"line":21,"column":10},"end":{"line":21,"column":54}},"13":{"start":{"line":21,"column":47},"end":{"line":21,"column":54}},"14":{"start":{"line":23,"column":10},"end":{"line":47,"column":11}},"15":{"start":{"line":24,"column":32},"end":{"line":24,"column":73}},"16":{"start":{"line":25,"column":26},"end":{"line":25,"column":52}},"17":{"start":{"line":27,"column":12},"end":{"line":46,"column":13}},"18":{"start":{"line":28,"column":35},"end":{"line":28,"column":43}},"19":{"start":{"line":30,"column":14},"end":{"line":34,"column":15}},"20":{"start":{"line":31,"column":16},"end":{"line":31,"column":68}},"21":{"start":{"line":31,"column":43},"end":{"line":31,"column":66}},"22":{"start":{"line":33,"column":16},"end":{"line":33,"column":44}},"23":{"start":{"line":36,"column":14},"end":{"line":43,"column":15}},"24":{"start":{"line":37,"column":16},"end":{"line":37,"column":55}},"25":{"start":{"line":39,"column":31},"end":{"line":39,"column":85}},"26":{"start":{"line":40,"column":16},"end":{"line":42,"column":17}},"27":{"start":{"line":41,"column":18},"end":{"line":41,"column":45}},"28":{"start":{"line":44,"column":19},"end":{"line":46,"column":13}},"29":{"start":{"line":45,"column":14},"end":{"line":45,"column":54}},"30":{"start":{"line":50,"column":8},"end":{"line":50,"column":30}},"31":{"start":{"line":52,"column":6},"end":{"line":52,"column":17}},"32":{"start":{"line":57,"column":18},"end":{"line":65,"column":1}},"33":{"start":{"line":58,"column":2},"end":{"line":64,"column":3}},"34":{"start":{"line":59,"column":17},"end":{"line":59,"column":64}},"35":{"start":{"line":60,"column":4},"end":{"line":60,"column":62}},"36":{"start":{"line":62,"column":4},"end":{"line":62,"column":44}},"37":{"start":{"line":63,"column":4},"end":{"line":63,"column":20}},"38":{"start":{"line":67,"column":0},"end":{"line":67,"column":27}}},"fnMap":{"0":{"name":"(anonymous_0)","decl":{"start":{"line":11,"column":16},"end":{"line":11,"column":17}},"loc":{"start":{"line":11,"column":28},"end":{"line":55,"column":1}},"line":11},"1":{"name":"(anonymous_1)","decl":{"start":{"line":14,"column":15},"end":{"line":14,"column":16}},"loc":{"start":{"line":14,"column":29},"end":{"line":53,"column":5}},"line":14},"2":{"name":"(anonymous_2)","decl":{"start":{"line":20,"column":33},"end":{"line":20,"column":34}},"loc":{"start":{"line":20,"column":59},"end":{"line":48,"column":9}},"line":20},"3":{"name":"(anonymous_3)","decl":{"start":{"line":31,"column":37},"end":{"line":31,"column":38}},"loc":{"start":{"line":31,"column":43},"end":{"line":31,"column":66}},"line":31},"4":{"name":"(anonymous_4)","decl":{"start":{"line":57,"column":18},"end":{"line":57,"column":19}},"loc":{"start":{"line":57,"column":30},"end":{"line":65,"column":1}},"line":57}},"branchMap":{"0":{"loc":{"start":{"line":19,"column":6},"end":{"line":51,"column":7}},"type":"if","locations":[{"start":{"line":19,"column":6},"end":{"line":51,"column":7}},{"start":{},"end":{}}],"line":19},"1":{"loc":{"start":{"line":20,"column":39},"end":{"line":20,"column":54}},"type":"default-arg","locations":[{"start":{"line":20,"column":52},"end":{"line":20,"column":54}}],"line":20},"2":{"loc":{"start":{"line":21,"column":10},"end":{"line":21,"column":54}},"type":"if","locations":[{"start":{"line":21,"column":10},"end":{"line":21,"column":54}},{"start":{},"end":{}}],"line":21},"3":{"loc":{"start":{"line":21,"column":14},"end":{"line":21,"column":45}},"type":"binary-expr","locations":[{"start":{"line":21,"column":14},"end":{"line":21,"column":18}},{"start":{"line":21,"column":22},"end":{"line":21,"column":45}}],"line":21},"4":{"loc":{"start":{"line":24,"column":32},"end":{"line":24,"column":73}},"type":"cond-expr","locations":[{"start":{"line":24,"column":45},"end":{"line":24,"column":67}},{"start":{"line":24,"column":70},"end":{"line":24,"column":73}}],"line":24},"5":{"loc":{"start":{"line":27,"column":12},"end":{"line":46,"column":13}},"type":"if","locations":[{"start":{"line":27,"column":12},"end":{"line":46,"column":13}},{"start":{"line":44,"column":19},"end":{"line":46,"column":13}}],"line":27},"6":{"loc":{"start":{"line":27,"column":16},"end":{"line":27,"column":53}},"type":"binary-expr","locations":[{"start":{"line":27,"column":16},"end":{"line":27,"column":21}},{"start":{"line":27,"column":25},"end":{"line":27,"column":53}}],"line":27},"7":{"loc":{"start":{"line":30,"column":14},"end":{"line":34,"column":15}},"type":"if","locations":[{"start":{"line":30,"column":14},"end":{"line":34,"column":15}},{"start":{"line":32,"column":21},"end":{"line":34,"column":15}}],"line":30},"8":{"loc":{"start":{"line":31,"column":43},"end":{"line":31,"column":66}},"type":"cond-expr","locations":[{"start":{"line":31,"column":48},"end":{"line":31,"column":61}},{"start":{"line":31,"column":64},"end":{"line":31,"column":66}}],"line":31},"9":{"loc":{"start":{"line":36,"column":14},"end":{"line":43,"column":15}},"type":"if","locations":[{"start":{"line":36,"column":14},"end":{"line":43,"column":15}},{"start":{"line":38,"column":21},"end":{"line":43,"column":15}}],"line":36},"10":{"loc":{"start":{"line":36,"column":18},"end":{"line":36,"column":75}},"type":"binary-expr","locations":[{"start":{"line":36,"column":18},"end":{"line":36,"column":38}},{"start":{"line":36,"column":42},"end":{"line":36,"column":54}},{"start":{"line":36,"column":58},"end":{"line":36,"column":75}}],"line":36},"11":{"loc":{"start":{"line":39,"column":31},"end":{"line":39,"column":85}},"type":"cond-expr","locations":[{"start":{"line":39,"column":52},"end":{"line":39,"column":68}},{"start":{"line":39,"column":71},"end":{"line":39,"column":85}}],"line":39},"12":{"loc":{"start":{"line":40,"column":16},"end":{"line":42,"column":17}},"type":"if","locations":[{"start":{"line":40,"column":16},"end":{"line":42,"column":17}},{"start":{},"end":{}}],"line":40},"13":{"loc":{"start":{"line":44,"column":19},"end":{"line":46,"column":13}},"type":"if","locations":[{"start":{"line":44,"column":19},"end":{"line":46,"column":13}},{"start":{},"end":{}}],"line":44},"14":{"loc":{"start":{"line":44,"column":23},"end":{"line":44,"column":157}},"type":"binary-expr","locations":[{"start":{"line":44,"column":23},"end":{"line":44,"column":31}},{"start":{"line":44,"column":35},"end":{"line":44,"column":63}},{"start":{"line":44,"column":67},"end":{"line":44,"column":91}},{"start":{"line":44,"column":95},"end":{"line":44,"column":115}},{"start":{"line":44,"column":119},"end":{"line":44,"column":157}}],"line":44}},"s":{"0":39,"1":39,"2":39,"3":39,"4":39,"5":39,"6":397,"7":443,"8":443,"9":443,"10":443,"11":443,"12":497,"13":0,"14":497,"15":3869,"16":3869,"17":3869,"18":94,"19":94,"20":3,"21":3,"22":91,"23":94,"24":1,"25":93,"26":93,"27":93,"28":3775,"29":54,"30":443,"31":443,"32":39,"33":0,"34":0,"35":0,"36":0,"37":0,"38":39},"f":{"0":397,"1":443,"2":497,"3":3,"4":0},"b":{"0":[443,0],"1":[443],"2":[0,497],"3":[497,497],"4":[154,3715],"5":[94,3775],"6":[3869,100],"7":[3,91],"8":[3,0],"9":[1,93],"10":[94,1,1],"11":[90,3],"12":[93,0],"13":[54,3721],"14":[3775,3681,1624,1303,1303]},"_coverageSchema":"1a1c01bbd47fc00a2c39e90264f33305004495a9","hash":"567e28effb3d4fb08d4a75c86caf8b19977fabc0"}
,"C:\\Users\\sujan\\Downloads\\CRM-RE-changes\\CRM-RE-changes\\backend\\controllers\\activityLogController.js": {"path":"C:\\Users\\sujan\\Downloads\\CRM-RE-changes\\CRM-RE-changes\\backend\\controllers\\activityLogController.js","statementMap":{"0":{"start":{"line":1,"column":21},"end":{"line":1,"column":51}},"1":{"start":{"line":2,"column":22},"end":{"line":2,"column":55}},"2":{"start":{"line":3,"column":20},"end":{"line":3,"column":52}},"3":{"start":{"line":8,"column":0},"end":{"line":10,"column":3}},"4":{"start":{"line":9,"column":2},"end":{"line":9,"column":44}},"5":{"start":{"line":15,"column":0},"end":{"line":26,"column":3}},"6":{"start":{"line":16,"column":14},"end":{"line":16,"column":55}},"7":{"start":{"line":18,"column":2},"end":{"line":20,"column":3}},"8":{"start":{"line":19,"column":4},"end":{"line":19,"column":94}},"9":{"start":{"line":22,"column":2},"end":{"line":25,"column":5}},"10":{"start":{"line":31,"column":0},"end":{"line":38,"column":3}},"11":{"start":{"line":32,"column":14},"end":{"line":32,"column":48}},"12":{"start":{"line":34,"column":2},"end":{"line":37,"column":5}},"13":{"start":{"line":43,"column":0},"end":{"line":56,"column":3}},"14":{"start":{"line":44,"column":14},"end":{"line":44,"column":55}},"15":{"start":{"line":46,"column":2},"end":{"line":48,"column":3}},"16":{"start":{"line":47,"column":4},"end":{"line":47,"column":94}},"17":{"start":{"line":50,"column":2},"end":{"line":50,"column":24}},"18":{"start":{"line":52,"column":2},"end":{"line":55,"column":5}},"19":{"start":{"line":61,"column":0},"end":{"line":75,"column":3}},"20":{"start":{"line":62,"column":15},"end":{"line":62,"column":48}},"21":{"start":{"line":63,"column":16},"end":{"line":63,"column":66}},"22":{"start":{"line":64,"column":15},"end":{"line":64,"column":33}},"23":{"start":{"line":65,"column":16},"end":{"line":65,"column":53}},"24":{"start":{"line":66,"column":16},"end":{"line":66,"column":55}},"25":{"start":{"line":67,"column":15},"end":{"line":67,"column":87}},"26":{"start":{"line":69,"column":2},"end":{"line":74,"column":5}},"27":{"start":{"line":80,"column":0},"end":{"line":94,"column":3}},"28":{"start":{"line":81,"column":15},"end":{"line":81,"column":48}},"29":{"start":{"line":82,"column":16},"end":{"line":82,"column":66}},"30":{"start":{"line":83,"column":15},"end":{"line":83,"column":33}},"31":{"start":{"line":84,"column":16},"end":{"line":84,"column":53}},"32":{"start":{"line":85,"column":16},"end":{"line":85,"column":55}},"33":{"start":{"line":86,"column":15},"end":{"line":86,"column":87}},"34":{"start":{"line":88,"column":2},"end":{"line":93,"column":5}},"35":{"start":{"line":99,"column":0},"end":{"line":112,"column":3}},"36":{"start":{"line":100,"column":15},"end":{"line":100,"column":48}},"37":{"start":{"line":101,"column":16},"end":{"line":101,"column":66}},"38":{"start":{"line":102,"column":15},"end":{"line":102,"column":33}},"39":{"start":{"line":103,"column":16},"end":{"line":103,"column":50}},"40":{"start":{"line":104,"column":15},"end":{"line":104,"column":82}},"41":{"start":{"line":106,"column":2},"end":{"line":111,"column":5}}},"fnMap":{"0":{"name":"(anonymous_0)","decl":{"start":{"line":8,"column":39},"end":{"line":8,"column":40}},"loc":{"start":{"line":8,"column":65},"end":{"line":10,"column":1}},"line":8},"1":{"name":"(anonymous_1)","decl":{"start":{"line":15,"column":38},"end":{"line":15,"column":39}},"loc":{"start":{"line":15,"column":64},"end":{"line":26,"column":1}},"line":15},"2":{"name":"(anonymous_2)","decl":{"start":{"line":31,"column":41},"end":{"line":31,"column":42}},"loc":{"start":{"line":31,"column":67},"end":{"line":38,"column":1}},"line":31},"3":{"name":"(anonymous_3)","decl":{"start":{"line":43,"column":41},"end":{"line":43,"column":42}},"loc":{"start":{"line":43,"column":67},"end":{"line":56,"column":1}},"line":43},"4":{"name":"(anonymous_4)","decl":{"start":{"line":61,"column":47},"end":{"line":61,"column":48}},"loc":{"start":{"line":61,"column":73},"end":{"line":75,"column":1}},"line":61},"5":{"name":"(anonymous_5)","decl":{"start":{"line":80,"column":47},"end":{"line":80,"column":48}},"loc":{"start":{"line":80,"column":73},"end":{"line":94,"column":1}},"line":80},"6":{"name":"(anonymous_6)","decl":{"start":{"line":99,"column":45},"end":{"line":99,"column":46}},"loc":{"start":{"line":99,"column":71},"end":{"line":112,"column":1}},"line":99}},"branchMap":{"0":{"loc":{"start":{"line":18,"column":2},"end":{"line":20,"column":3}},"type":"if","locations":[{"start":{"line":18,"column":2},"end":{"line":20,"column":3}},{"start":{},"end":{}}],"line":18},"1":{"loc":{"start":{"line":46,"column":2},"end":{"line":48,"column":3}},"type":"if","locations":[{"start":{"line":46,"column":2},"end":{"line":48,"column":3}},{"start":{},"end":{}}],"line":46},"2":{"loc":{"start":{"line":62,"column":15},"end":{"line":62,"column":48}},"type":"binary-expr","locations":[{"start":{"line":62,"column":15},"end":{"line":62,"column":43}},{"start":{"line":62,"column":47},"end":{"line":62,"column":48}}],"line":62},"3":{"loc":{"start":{"line":63,"column":25},"end":{"line":63,"column":60}},"type":"binary-expr","locations":[{"start":{"line":63,"column":25},"end":{"line":63,"column":54}},{"start":{"line":63,"column":58},"end":{"line":63,"column":60}}],"line":63},"4":{"loc":{"start":{"line":81,"column":15},"end":{"line":81,"column":48}},"type":"binary-expr","locations":[{"start":{"line":81,"column":15},"end":{"line":81,"column":43}},{"start":{"line":81,"column":47},"end":{"line":81,"column":48}}],"line":81},"5":{"loc":{"start":{"line":82,"column":25},"end":{"line":82,"column":60}},"type":"binary-expr","locations":[{"start":{"line":82,"column":25},"end":{"line":82,"column":54}},{"start":{"line":82,"column":58},"end":{"line":82,"column":60}}],"line":82},"6":{"loc":{"start":{"line":100,"column":15},"end":{"line":100,"column":48}},"type":"binary-expr","locations":[{"start":{"line":100,"column":15},"end":{"line":100,"column":43}},{"start":{"line":100,"column":47},"end":{"line":100,"column":48}}],"line":100},"7":{"loc":{"start":{"line":101,"column":25},"end":{"line":101,"column":60}},"type":"binary-expr","locations":[{"start":{"line":101,"column":25},"end":{"line":101,"column":54}},{"start":{"line":101,"column":58},"end":{"line":101,"column":60}}],"line":101}},"s":{"0":23,"1":23,"2":23,"3":23,"4":1,"5":23,"6":2,"7":2,"8":1,"9":1,"10":23,"11":1,"12":1,"13":23,"14":3,"15":3,"16":1,"17":2,"18":2,"19":23,"20":1,"21":1,"22":1,"23":1,"24":1,"25":1,"26":1,"27":23,"28":2,"29":2,"30":2,"31":2,"32":2,"33":2,"34":2,"35":23,"36":3,"37":3,"38":3,"39":3,"40":3,"41":3},"f":{"0":1,"1":2,"2":1,"3":3,"4":1,"5":2,"6":3},"b":{"0":[1,1],"1":[1,2],"2":[1,1],"3":[1,1],"4":[2,1],"5":[2,1],"6":[3,2],"7":[3,2]},"_coverageSchema":"1a1c01bbd47fc00a2c39e90264f33305004495a9","hash":"5338b2f3e6a1d30db521f864673e505b3c664afc"}
,"C:\\Users\\sujan\\Downloads\\CRM-RE-changes\\CRM-RE-changes\\backend\\controllers\\attendanceController.js": {"path":"C:\\Users\\sujan\\Downloads\\CRM-RE-changes\\CRM-RE-changes\\backend\\controllers\\attendanceController.js","statementMap":{"0":{"start":{"line":1,"column":21},"end":{"line":1,"column":51}},"1":{"start":{"line":2,"column":22},"end":{"line":2,"column":55}},"2":{"start":{"line":3,"column":19},"end":{"line":3,"column":50}},"3":{"start":{"line":8,"column":0},"end":{"line":10,"column":3}},"4":{"start":{"line":9,"column":2},"end":{"line":9,"column":44}},"5":{"start":{"line":15,"column":0},"end":{"line":30,"column":3}},"6":{"start":{"line":16,"column":21},"end":{"line":20,"column":6}},"7":{"start":{"line":22,"column":2},"end":{"line":24,"column":3}},"8":{"start":{"line":23,"column":4},"end":{"line":23,"column":92}},"9":{"start":{"line":26,"column":2},"end":{"line":29,"column":5}},"10":{"start":{"line":35,"column":0},"end":{"line":42,"column":3}},"11":{"start":{"line":36,"column":21},"end":{"line":36,"column":54}},"12":{"start":{"line":38,"column":2},"end":{"line":41,"column":5}},"13":{"start":{"line":47,"column":0},"end":{"line":79,"column":3}},"14":{"start":{"line":48,"column":19},"end":{"line":48,"column":59}},"15":{"start":{"line":50,"column":2},"end":{"line":52,"column":3}},"16":{"start":{"line":51,"column":4},"end":{"line":51,"column":92}},"17":{"start":{"line":54,"column":24},"end":{"line":66,"column":3}},"18":{"start":{"line":68,"column":2},"end":{"line":68,"column":107}},"19":{"start":{"line":68,"column":44},"end":{"line":68,"column":105}},"20":{"start":{"line":70,"column":2},"end":{"line":73,"column":5}},"21":{"start":{"line":75,"column":2},"end":{"line":78,"column":5}},"22":{"start":{"line":84,"column":0},"end":{"line":97,"column":3}},"23":{"start":{"line":85,"column":21},"end":{"line":85,"column":61}},"24":{"start":{"line":87,"column":2},"end":{"line":89,"column":3}},"25":{"start":{"line":88,"column":4},"end":{"line":88,"column":92}},"26":{"start":{"line":91,"column":2},"end":{"line":91,"column":31}},"27":{"start":{"line":93,"column":2},"end":{"line":96,"column":5}},"28":{"start":{"line":102,"column":0},"end":{"line":116,"column":3}},"29":{"start":{"line":103,"column":15},"end":{"line":103,"column":48}},"30":{"start":{"line":104,"column":16},"end":{"line":104,"column":66}},"31":{"start":{"line":105,"column":15},"end":{"line":105,"column":33}},"32":{"start":{"line":106,"column":16},"end":{"line":106,"column":47}},"33":{"start":{"line":107,"column":16},"end":{"line":107,"column":54}},"34":{"start":{"line":108,"column":21},"end":{"line":108,"column":87}},"35":{"start":{"line":110,"column":2},"end":{"line":115,"column":5}},"36":{"start":{"line":121,"column":0},"end":{"line":135,"column":3}},"37":{"start":{"line":122,"column":15},"end":{"line":122,"column":48}},"38":{"start":{"line":123,"column":16},"end":{"line":123,"column":66}},"39":{"start":{"line":124,"column":15},"end":{"line":124,"column":33}},"40":{"start":{"line":125,"column":16},"end":{"line":125,"column":41}},"41":{"start":{"line":126,"column":16},"end":{"line":126,"column":54}},"42":{"start":{"line":127,"column":21},"end":{"line":127,"column":92}},"43":{"start":{"line":129,"column":2},"end":{"line":134,"column":5}},"44":{"start":{"line":140,"column":0},"end":{"line":155,"column":3}},"45":{"start":{"line":141,"column":16},"end":{"line":141,"column":53}},"46":{"start":{"line":142,"column":15},"end":{"line":142,"column":48}},"47":{"start":{"line":143,"column":16},"end":{"line":143,"column":66}},"48":{"start":{"line":144,"column":15},"end":{"line":144,"column":33}},"49":{"start":{"line":145,"column":16},"end":{"line":145,"column":31}},"50":{"start":{"line":146,"column":16},"end":{"line":146,"column":54}},"51":{"start":{"line":147,"column":21},"end":{"line":147,"column":92}},"52":{"start":{"line":149,"column":2},"end":{"line":154,"column":5}}},"fnMap":{"0":{"name":"(anonymous_0)","decl":{"start":{"line":8,"column":38},"end":{"line":8,"column":39}},"loc":{"start":{"line":8,"column":64},"end":{"line":10,"column":1}},"line":8},"1":{"name":"(anonymous_1)","decl":{"start":{"line":15,"column":37},"end":{"line":15,"column":38}},"loc":{"start":{"line":15,"column":63},"end":{"line":30,"column":1}},"line":15},"2":{"name":"(anonymous_2)","decl":{"start":{"line":35,"column":40},"end":{"line":35,"column":41}},"loc":{"start":{"line":35,"column":66},"end":{"line":42,"column":1}},"line":35},"3":{"name":"(anonymous_3)","decl":{"start":{"line":47,"column":40},"end":{"line":47,"column":41}},"loc":{"start":{"line":47,"column":66},"end":{"line":79,"column":1}},"line":47},"4":{"name":"(anonymous_4)","decl":{"start":{"line":68,"column":37},"end":{"line":68,"column":38}},"loc":{"start":{"line":68,"column":44},"end":{"line":68,"column":105}},"line":68},"5":{"name":"(anonymous_5)","decl":{"start":{"line":84,"column":40},"end":{"line":84,"column":41}},"loc":{"start":{"line":84,"column":66},"end":{"line":97,"column":1}},"line":84},"6":{"name":"(anonymous_6)","decl":{"start":{"line":102,"column":44},"end":{"line":102,"column":45}},"loc":{"start":{"line":102,"column":70},"end":{"line":116,"column":1}},"line":102},"7":{"name":"(anonymous_7)","decl":{"start":{"line":121,"column":43},"end":{"line":121,"column":44}},"loc":{"start":{"line":121,"column":69},"end":{"line":135,"column":1}},"line":121},"8":{"name":"(anonymous_8)","decl":{"start":{"line":140,"column":42},"end":{"line":140,"column":43}},"loc":{"start":{"line":140,"column":68},"end":{"line":155,"column":1}},"line":140}},"branchMap":{"0":{"loc":{"start":{"line":22,"column":2},"end":{"line":24,"column":3}},"type":"if","locations":[{"start":{"line":22,"column":2},"end":{"line":24,"column":3}},{"start":{},"end":{}}],"line":22},"1":{"loc":{"start":{"line":50,"column":2},"end":{"line":52,"column":3}},"type":"if","locations":[{"start":{"line":50,"column":2},"end":{"line":52,"column":3}},{"start":{},"end":{}}],"line":50},"2":{"loc":{"start":{"line":68,"column":44},"end":{"line":68,"column":105}},"type":"binary-expr","locations":[{"start":{"line":68,"column":44},"end":{"line":68,"column":76}},{"start":{"line":68,"column":80},"end":{"line":68,"column":105}}],"line":68},"3":{"loc":{"start":{"line":87,"column":2},"end":{"line":89,"column":3}},"type":"if","locations":[{"start":{"line":87,"column":2},"end":{"line":89,"column":3}},{"start":{},"end":{}}],"line":87},"4":{"loc":{"start":{"line":103,"column":15},"end":{"line":103,"column":48}},"type":"binary-expr","locations":[{"start":{"line":103,"column":15},"end":{"line":103,"column":43}},{"start":{"line":103,"column":47},"end":{"line":103,"column":48}}],"line":103},"5":{"loc":{"start":{"line":104,"column":25},"end":{"line":104,"column":60}},"type":"binary-expr","locations":[{"start":{"line":104,"column":25},"end":{"line":104,"column":54}},{"start":{"line":104,"column":58},"end":{"line":104,"column":60}}],"line":104},"6":{"loc":{"start":{"line":122,"column":15},"end":{"line":122,"column":48}},"type":"binary-expr","locations":[{"start":{"line":122,"column":15},"end":{"line":122,"column":43}},{"start":{"line":122,"column":47},"end":{"line":122,"column":48}}],"line":122},"7":{"loc":{"start":{"line":123,"column":25},"end":{"line":123,"column":60}},"type":"binary-expr","locations":[{"start":{"line":123,"column":25},"end":{"line":123,"column":54}},{"start":{"line":123,"column":58},"end":{"line":123,"column":60}}],"line":123},"8":{"loc":{"start":{"line":142,"column":15},"end":{"line":142,"column":48}},"type":"binary-expr","locations":[{"start":{"line":142,"column":15},"end":{"line":142,"column":43}},{"start":{"line":142,"column":47},"end":{"line":142,"column":48}}],"line":142},"9":{"loc":{"start":{"line":143,"column":25},"end":{"line":143,"column":60}},"type":"binary-expr","locations":[{"start":{"line":143,"column":25},"end":{"line":143,"column":54}},{"start":{"line":143,"column":58},"end":{"line":143,"column":60}}],"line":143}},"s":{"0":23,"1":23,"2":23,"3":23,"4":1,"5":23,"6":2,"7":2,"8":1,"9":1,"10":23,"11":4,"12":4,"13":23,"14":6,"15":6,"16":1,"17":5,"18":5,"19":55,"20":5,"21":5,"22":23,"23":3,"24":3,"25":1,"26":2,"27":2,"28":23,"29":3,"30":3,"31":3,"32":3,"33":3,"34":3,"35":3,"36":23,"37":3,"38":3,"39":3,"40":3,"41":3,"42":3,"43":3,"44":23,"45":2,"46":2,"47":2,"48":2,"49":2,"50":2,"51":2,"52":2},"f":{"0":1,"1":2,"2":4,"3":6,"4":55,"5":3,"6":3,"7":3,"8":2},"b":{"0":[1,1],"1":[1,5],"2":[55,46],"3":[1,2],"4":[3,2],"5":[3,2],"6":[3,2],"7":[3,2],"8":[2,1],"9":[2,1]},"_coverageSchema":"1a1c01bbd47fc00a2c39e90264f33305004495a9","hash":"b2044d339bbf6f8642ab4d2cbd575969e5906b53"}
,"C:\\Users\\sujan\\Downloads\\CRM-RE-changes\\CRM-RE-changes\\backend\\controllers\\authController.js": {"path":"C:\\Users\\sujan\\Downloads\\CRM-RE-changes\\CRM-RE-changes\\backend\\controllers\\authController.js","statementMap":{"0":{"start":{"line":1,"column":21},"end":{"line":1,"column":51}},"1":{"start":{"line":2,"column":22},"end":{"line":2,"column":55}},"2":{"start":{"line":3,"column":13},"end":{"line":3,"column":38}},"3":{"start":{"line":4,"column":15},"end":{"line":4,"column":32}},"4":{"start":{"line":9,"column":0},"end":{"line":58,"column":3}},"5":{"start":{"line":20,"column":6},"end":{"line":20,"column":14}},"6":{"start":{"line":24,"column":15},"end":{"line":24,"column":24}},"7":{"start":{"line":27,"column":15},"end":{"line":39,"column":4}},"8":{"start":{"line":42,"column":16},"end":{"line":42,"column":40}},"9":{"start":{"line":44,"column":2},"end":{"line":57,"column":5}},"10":{"start":{"line":63,"column":0},"end":{"line":99,"column":3}},"11":{"start":{"line":64,"column":30},"end":{"line":64,"column":38}},"12":{"start":{"line":66,"column":2},"end":{"line":68,"column":3}},"13":{"start":{"line":67,"column":4},"end":{"line":67,"column":80}},"14":{"start":{"line":70,"column":15},"end":{"line":70,"column":64}},"15":{"start":{"line":72,"column":2},"end":{"line":74,"column":3}},"16":{"start":{"line":73,"column":4},"end":{"line":73,"column":63}},"17":{"start":{"line":76,"column":18},"end":{"line":76,"column":52}},"18":{"start":{"line":78,"column":2},"end":{"line":80,"column":3}},"19":{"start":{"line":79,"column":4},"end":{"line":79,"column":63}},"20":{"start":{"line":82,"column":16},"end":{"line":82,"column":40}},"21":{"start":{"line":84,"column":2},"end":{"line":98,"column":5}},"22":{"start":{"line":104,"column":0},"end":{"line":111,"column":3}},"23":{"start":{"line":105,"column":15},"end":{"line":105,"column":47}},"24":{"start":{"line":107,"column":2},"end":{"line":110,"column":5}},"25":{"start":{"line":116,"column":0},"end":{"line":170,"column":3}},"26":{"start":{"line":117,"column":20},"end":{"line":117,"column":28}},"27":{"start":{"line":119,"column":2},"end":{"line":121,"column":3}},"28":{"start":{"line":120,"column":4},"end":{"line":120,"column":67}},"29":{"start":{"line":123,"column":15},"end":{"line":123,"column":44}},"30":{"start":{"line":126,"column":25},"end":{"line":126,"column":75}},"31":{"start":{"line":128,"column":2},"end":{"line":131,"column":3}},"32":{"start":{"line":130,"column":4},"end":{"line":130,"column":76}},"33":{"start":{"line":134,"column":21},"end":{"line":134,"column":49}},"34":{"start":{"line":136,"column":2},"end":{"line":136,"column":49}},"35":{"start":{"line":139,"column":18},"end":{"line":139,"column":84}},"36":{"start":{"line":140,"column":19},"end":{"line":140,"column":66}},"37":{"start":{"line":142,"column":18},"end":{"line":146,"column":3}},"38":{"start":{"line":148,"column":2},"end":{"line":169,"column":3}},"39":{"start":{"line":149,"column":22},"end":{"line":149,"column":51}},"40":{"start":{"line":150,"column":4},"end":{"line":154,"column":7}},"41":{"start":{"line":156,"column":4},"end":{"line":159,"column":7}},"42":{"start":{"line":161,"column":19},"end":{"line":161,"column":45}},"43":{"start":{"line":162,"column":4},"end":{"line":162,"column":46}},"44":{"start":{"line":163,"column":4},"end":{"line":163,"column":40}},"45":{"start":{"line":164,"column":4},"end":{"line":164,"column":41}},"46":{"start":{"line":166,"column":4},"end":{"line":166,"column":51}},"47":{"start":{"line":168,"column":4},"end":{"line":168,"column":67}},"48":{"start":{"line":175,"column":0},"end":{"line":208,"column":3}},"49":{"start":{"line":176,"column":33},"end":{"line":176,"column":41}},"50":{"start":{"line":178,"column":2},"end":{"line":180,"column":3}},"51":{"start":{"line":179,"column":4},"end":{"line":179,"column":85}},"52":{"start":{"line":183,"column":29},"end":{"line":186,"column":18}},"53":{"start":{"line":188,"column":15},"end":{"line":191,"column":4}},"54":{"start":{"line":193,"column":2},"end":{"line":195,"column":3}},"55":{"start":{"line":194,"column":4},"end":{"line":194,"column":68}},"56":{"start":{"line":198,"column":2},"end":{"line":198,"column":30}},"57":{"start":{"line":199,"column":2},"end":{"line":199,"column":38}},"58":{"start":{"line":200,"column":2},"end":{"line":200,"column":39}},"59":{"start":{"line":201,"column":2},"end":{"line":201,"column":20}},"60":{"start":{"line":204,"column":2},"end":{"line":207,"column":5}},"61":{"start":{"line":213,"column":0},"end":{"line":228,"column":3}},"62":{"start":{"line":214,"column":48},"end":{"line":214,"column":56}},"63":{"start":{"line":215,"column":25},"end":{"line":215,"column":27}},"64":{"start":{"line":216,"column":2},"end":{"line":216,"column":39}},"65":{"start":{"line":216,"column":12},"end":{"line":216,"column":39}},"66":{"start":{"line":217,"column":2},"end":{"line":217,"column":42}},"67":{"start":{"line":217,"column":13},"end":{"line":217,"column":42}},"68":{"start":{"line":218,"column":2},"end":{"line":218,"column":42}},"69":{"start":{"line":218,"column":13},"end":{"line":218,"column":42}},"70":{"start":{"line":219,"column":2},"end":{"line":219,"column":50}},"71":{"start":{"line":219,"column":25},"end":{"line":219,"column":50}},"72":{"start":{"line":220,"column":2},"end":{"line":220,"column":51}},"73":{"start":{"line":220,"column":16},"end":{"line":220,"column":51}},"74":{"start":{"line":222,"column":15},"end":{"line":225,"column":4}},"75":{"start":{"line":227,"column":2},"end":{"line":227,"column":54}},"76":{"start":{"line":233,"column":0},"end":{"line":252,"column":3}},"77":{"start":{"line":234,"column":43},"end":{"line":234,"column":51}},"78":{"start":{"line":236,"column":2},"end":{"line":238,"column":3}},"79":{"start":{"line":237,"column":4},"end":{"line":237,"column":83}},"80":{"start":{"line":240,"column":15},"end":{"line":240,"column":67}},"81":{"start":{"line":242,"column":18},"end":{"line":242,"column":59}},"82":{"start":{"line":243,"column":2},"end":{"line":245,"column":3}},"83":{"start":{"line":244,"column":4},"end":{"line":244,"column":73}},"84":{"start":{"line":247,"column":2},"end":{"line":247,"column":30}},"85":{"start":{"line":248,"column":2},"end":{"line":248,"column":20}},"86":{"start":{"line":250,"column":16},"end":{"line":250,"column":40}},"87":{"start":{"line":251,"column":2},"end":{"line":251,"column":91}},"88":{"start":{"line":257,"column":0},"end":{"line":281,"column":3}},"89":{"start":{"line":258,"column":30},"end":{"line":258,"column":38}},"90":{"start":{"line":260,"column":2},"end":{"line":262,"column":3}},"91":{"start":{"line":261,"column":4},"end":{"line":261,"column":71}},"92":{"start":{"line":264,"column":15},"end":{"line":264,"column":47}},"93":{"start":{"line":265,"column":2},"end":{"line":267,"column":3}},"94":{"start":{"line":266,"column":4},"end":{"line":266,"column":58}},"95":{"start":{"line":270,"column":22},"end":{"line":270,"column":66}},"96":{"start":{"line":270,"column":48},"end":{"line":270,"column":65}},"97":{"start":{"line":271,"column":2},"end":{"line":274,"column":3}},"98":{"start":{"line":272,"column":4},"end":{"line":272,"column":69}},"99":{"start":{"line":273,"column":4},"end":{"line":273,"column":22}},"100":{"start":{"line":276,"column":2},"end":{"line":280,"column":5}},"101":{"start":{"line":286,"column":0},"end":{"line":306,"column":3}},"102":{"start":{"line":287,"column":20},"end":{"line":287,"column":28}},"103":{"start":{"line":289,"column":2},"end":{"line":291,"column":3}},"104":{"start":{"line":290,"column":4},"end":{"line":290,"column":81}},"105":{"start":{"line":293,"column":15},"end":{"line":293,"column":47}},"106":{"start":{"line":294,"column":2},"end":{"line":296,"column":3}},"107":{"start":{"line":295,"column":4},"end":{"line":295,"column":58}},"108":{"start":{"line":298,"column":2},"end":{"line":298,"column":67}},"109":{"start":{"line":298,"column":48},"end":{"line":298,"column":65}},"110":{"start":{"line":299,"column":2},"end":{"line":299,"column":20}},"111":{"start":{"line":301,"column":2},"end":{"line":305,"column":5}}},"fnMap":{"0":{"name":"(anonymous_0)","decl":{"start":{"line":9,"column":32},"end":{"line":9,"column":33}},"loc":{"start":{"line":9,"column":58},"end":{"line":58,"column":1}},"line":9},"1":{"name":"(anonymous_1)","decl":{"start":{"line":63,"column":29},"end":{"line":63,"column":30}},"loc":{"start":{"line":63,"column":55},"end":{"line":99,"column":1}},"line":63},"2":{"name":"(anonymous_2)","decl":{"start":{"line":104,"column":29},"end":{"line":104,"column":30}},"loc":{"start":{"line":104,"column":55},"end":{"line":111,"column":1}},"line":104},"3":{"name":"(anonymous_3)","decl":{"start":{"line":116,"column":38},"end":{"line":116,"column":39}},"loc":{"start":{"line":116,"column":64},"end":{"line":170,"column":1}},"line":116},"4":{"name":"(anonymous_4)","decl":{"start":{"line":175,"column":37},"end":{"line":175,"column":38}},"loc":{"start":{"line":175,"column":63},"end":{"line":208,"column":1}},"line":175},"5":{"name":"(anonymous_5)","decl":{"start":{"line":213,"column":37},"end":{"line":213,"column":38}},"loc":{"start":{"line":213,"column":63},"end":{"line":228,"column":1}},"line":213},"6":{"name":"(anonymous_6)","decl":{"start":{"line":233,"column":38},"end":{"line":233,"column":39}},"loc":{"start":{"line":233,"column":64},"end":{"line":252,"column":1}},"line":233},"7":{"name":"(anonymous_7)","decl":{"start":{"line":257,"column":36},"end":{"line":257,"column":37}},"loc":{"start":{"line":257,"column":62},"end":{"line":281,"column":1}},"line":257},"8":{"name":"(anonymous_8)","decl":{"start":{"line":270,"column":43},"end":{"line":270,"column":44}},"loc":{"start":{"line":270,"column":48},"end":{"line":270,"column":65}},"line":270},"9":{"name":"(anonymous_9)","decl":{"start":{"line":286,"column":39},"end":{"line":286,"column":40}},"loc":{"start":{"line":286,"column":65},"end":{"line":306,"column":1}},"line":286},"10":{"name":"(anonymous_10)","decl":{"start":{"line":298,"column":43},"end":{"line":298,"column":44}},"loc":{"start":{"line":298,"column":48},"end":{"line":298,"column":65}},"line":298}},"branchMap":{"0":{"loc":{"start":{"line":66,"column":2},"end":{"line":68,"column":3}},"type":"if","locations":[{"start":{"line":66,"column":2},"end":{"line":68,"column":3}},{"start":{},"end":{}}],"line":66},"1":{"loc":{"start":{"line":66,"column":6},"end":{"line":66,"column":25}},"type":"binary-expr","locations":[{"start":{"line":66,"column":6},"end":{"line":66,"column":12}},{"start":{"line":66,"column":16},"end":{"line":66,"column":25}}],"line":66},"2":{"loc":{"start":{"line":72,"column":2},"end":{"line":74,"column":3}},"type":"if","locations":[{"start":{"line":72,"column":2},"end":{"line":74,"column":3}},{"start":{},"end":{}}],"line":72},"3":{"loc":{"start":{"line":78,"column":2},"end":{"line":80,"column":3}},"type":"if","locations":[{"start":{"line":78,"column":2},"end":{"line":80,"column":3}},{"start":{},"end":{}}],"line":78},"4":{"loc":{"start":{"line":119,"column":2},"end":{"line":121,"column":3}},"type":"if","locations":[{"start":{"line":119,"column":2},"end":{"line":121,"column":3}},{"start":{},"end":{}}],"line":119},"5":{"loc":{"start":{"line":128,"column":2},"end":{"line":131,"column":3}},"type":"if","locations":[{"start":{"line":128,"column":2},"end":{"line":131,"column":3}},{"start":{},"end":{}}],"line":128},"6":{"loc":{"start":{"line":139,"column":18},"end":{"line":139,"column":84}},"type":"binary-expr","locations":[{"start":{"line":139,"column":18},"end":{"line":139,"column":42}},{"start":{"line":139,"column":46},"end":{"line":139,"column":84}}],"line":139},"7":{"loc":{"start":{"line":178,"column":2},"end":{"line":180,"column":3}},"type":"if","locations":[{"start":{"line":178,"column":2},"end":{"line":180,"column":3}},{"start":{},"end":{}}],"line":178},"8":{"loc":{"start":{"line":178,"column":6},"end":{"line":178,"column":28}},"type":"binary-expr","locations":[{"start":{"line":178,"column":6},"end":{"line":178,"column":12}},{"start":{"line":178,"column":16},"end":{"line":178,"column":28}}],"line":178},"9":{"loc":{"start":{"line":193,"column":2},"end":{"line":195,"column":3}},"type":"if","locations":[{"start":{"line":193,"column":2},"end":{"line":195,"column":3}},{"start":{},"end":{}}],"line":193},"10":{"loc":{"start":{"line":216,"column":2},"end":{"line":216,"column":39}},"type":"if","locations":[{"start":{"line":216,"column":2},"end":{"line":216,"column":39}},{"start":{},"end":{}}],"line":216},"11":{"loc":{"start":{"line":217,"column":2},"end":{"line":217,"column":42}},"type":"if","locations":[{"start":{"line":217,"column":2},"end":{"line":217,"column":42}},{"start":{},"end":{}}],"line":217},"12":{"loc":{"start":{"line":218,"column":2},"end":{"line":218,"column":42}},"type":"if","locations":[{"start":{"line":218,"column":2},"end":{"line":218,"column":42}},{"start":{},"end":{}}],"line":218},"13":{"loc":{"start":{"line":219,"column":2},"end":{"line":219,"column":50}},"type":"if","locations":[{"start":{"line":219,"column":2},"end":{"line":219,"column":50}},{"start":{},"end":{}}],"line":219},"14":{"loc":{"start":{"line":220,"column":2},"end":{"line":220,"column":51}},"type":"if","locations":[{"start":{"line":220,"column":2},"end":{"line":220,"column":51}},{"start":{},"end":{}}],"line":220},"15":{"loc":{"start":{"line":236,"column":2},"end":{"line":238,"column":3}},"type":"if","locations":[{"start":{"line":236,"column":2},"end":{"line":238,"column":3}},{"start":{},"end":{}}],"line":236},"16":{"loc":{"start":{"line":236,"column":6},"end":{"line":236,"column":38}},"type":"binary-expr","locations":[{"start":{"line":236,"column":6},"end":{"line":236,"column":22}},{"start":{"line":236,"column":26},"end":{"line":236,"column":38}}],"line":236},"17":{"loc":{"start":{"line":243,"column":2},"end":{"line":245,"column":3}},"type":"if","locations":[{"start":{"line":243,"column":2},"end":{"line":245,"column":3}},{"start":{},"end":{}}],"line":243},"18":{"loc":{"start":{"line":260,"column":2},"end":{"line":262,"column":3}},"type":"if","locations":[{"start":{"line":260,"column":2},"end":{"line":262,"column":3}},{"start":{},"end":{}}],"line":260},"19":{"loc":{"start":{"line":265,"column":2},"end":{"line":267,"column":3}},"type":"if","locations":[{"start":{"line":265,"column":2},"end":{"line":267,"column":3}},{"start":{},"end":{}}],"line":265},"20":{"loc":{"start":{"line":271,"column":2},"end":{"line":274,"column":3}},"type":"if","locations":[{"start":{"line":271,"column":2},"end":{"line":274,"column":3}},{"start":{},"end":{}}],"line":271},"21":{"loc":{"start":{"line":272,"column":44},"end":{"line":272,"column":65}},"type":"binary-expr","locations":[{"start":{"line":272,"column":44},"end":{"line":272,"column":52}},{"start":{"line":272,"column":56},"end":{"line":272,"column":65}}],"line":272},"22":{"loc":{"start":{"line":289,"column":2},"end":{"line":291,"column":3}},"type":"if","locations":[{"start":{"line":289,"column":2},"end":{"line":291,"column":3}},{"start":{},"end":{}}],"line":289},"23":{"loc":{"start":{"line":294,"column":2},"end":{"line":296,"column":3}},"type":"if","locations":[{"start":{"line":294,"column":2},"end":{"line":296,"column":3}},{"start":{},"end":{}}],"line":294}},"s":{"0":23,"1":23,"2":23,"3":23,"4":23,"5":9,"6":9,"7":9,"8":8,"9":8,"10":23,"11":7,"12":7,"13":0,"14":7,"15":7,"16":3,"17":4,"18":4,"19":1,"20":3,"21":3,"22":23,"23":2,"24":2,"25":23,"26":2,"27":2,"28":0,"29":2,"30":2,"31":2,"32":2,"33":0,"34":0,"35":0,"36":0,"37":0,"38":0,"39":0,"40":0,"41":0,"42":0,"43":0,"44":0,"45":0,"46":0,"47":0,"48":23,"49":3,"50":3,"51":0,"52":3,"53":3,"54":3,"55":2,"56":1,"57":1,"58":1,"59":1,"60":1,"61":23,"62":5,"63":5,"64":5,"65":3,"66":5,"67":0,"68":5,"69":2,"70":5,"71":1,"72":5,"73":1,"74":5,"75":5,"76":23,"77":5,"78":5,"79":0,"80":5,"81":5,"82":5,"83":2,"84":3,"85":3,"86":3,"87":3,"88":23,"89":9,"90":9,"91":1,"92":8,"93":8,"94":0,"95":8,"96":2,"97":8,"98":6,"99":6,"100":8,"101":23,"102":3,"103":3,"104":1,"105":2,"106":2,"107":0,"108":2,"109":2,"110":2,"111":2},"f":{"0":9,"1":7,"2":2,"3":2,"4":3,"5":5,"6":5,"7":9,"8":2,"9":3,"10":2},"b":{"0":[0,7],"1":[7,7],"2":[3,4],"3":[1,3],"4":[0,2],"5":[2,0],"6":[0,0],"7":[0,3],"8":[3,3],"9":[2,1],"10":[3,2],"11":[0,5],"12":[2,3],"13":[1,4],"14":[1,4],"15":[0,5],"16":[5,5],"17":[2,3],"18":[1,8],"19":[0,8],"20":[6,2],"21":[6,2],"22":[1,2],"23":[0,2]},"_coverageSchema":"1a1c01bbd47fc00a2c39e90264f33305004495a9","hash":"ffa7b24063b34167b578bb805ffb904d11a7ef98"}
,"C:\\Users\\sujan\\Downloads\\CRM-RE-changes\\CRM-RE-changes\\backend\\controllers\\channelPartnerController.js": {"path":"C:\\Users\\sujan\\Downloads\\CRM-RE-changes\\CRM-RE-changes\\backend\\controllers\\channelPartnerController.js","statementMap":{"0":{"start":{"line":1,"column":21},"end":{"line":1,"column":51}},"1":{"start":{"line":2,"column":22},"end":{"line":2,"column":55}},"2":{"start":{"line":3,"column":23},"end":{"line":3,"column":58}},"3":{"start":{"line":8,"column":0},"end":{"line":10,"column":3}},"4":{"start":{"line":9,"column":2},"end":{"line":9,"column":44}},"5":{"start":{"line":15,"column":0},"end":{"line":26,"column":3}},"6":{"start":{"line":16,"column":25},"end":{"line":16,"column":69}},"7":{"start":{"line":18,"column":2},"end":{"line":20,"column":3}},"8":{"start":{"line":19,"column":4},"end":{"line":19,"column":97}},"9":{"start":{"line":22,"column":2},"end":{"line":25,"column":5}},"10":{"start":{"line":31,"column":0},"end":{"line":55,"column":3}},"11":{"start":{"line":32,"column":24},"end":{"line":45,"column":3}},"12":{"start":{"line":47,"column":2},"end":{"line":47,"column":107}},"13":{"start":{"line":47,"column":44},"end":{"line":47,"column":105}},"14":{"start":{"line":49,"column":25},"end":{"line":49,"column":67}},"15":{"start":{"line":51,"column":2},"end":{"line":54,"column":5}},"16":{"start":{"line":60,"column":0},"end":{"line":94,"column":3}},"17":{"start":{"line":61,"column":23},"end":{"line":61,"column":67}},"18":{"start":{"line":63,"column":2},"end":{"line":65,"column":3}},"19":{"start":{"line":64,"column":4},"end":{"line":64,"column":97}},"20":{"start":{"line":67,"column":24},"end":{"line":81,"column":3}},"21":{"start":{"line":83,"column":2},"end":{"line":83,"column":107}},"22":{"start":{"line":83,"column":44},"end":{"line":83,"column":105}},"23":{"start":{"line":85,"column":2},"end":{"line":88,"column":5}},"24":{"start":{"line":90,"column":2},"end":{"line":93,"column":5}},"25":{"start":{"line":99,"column":0},"end":{"line":112,"column":3}},"26":{"start":{"line":100,"column":25},"end":{"line":100,"column":69}},"27":{"start":{"line":102,"column":2},"end":{"line":104,"column":3}},"28":{"start":{"line":103,"column":4},"end":{"line":103,"column":97}},"29":{"start":{"line":106,"column":2},"end":{"line":106,"column":35}},"30":{"start":{"line":108,"column":2},"end":{"line":111,"column":5}},"31":{"start":{"line":117,"column":0},"end":{"line":131,"column":3}},"32":{"start":{"line":118,"column":15},"end":{"line":118,"column":48}},"33":{"start":{"line":119,"column":16},"end":{"line":119,"column":66}},"34":{"start":{"line":120,"column":15},"end":{"line":120,"column":33}},"35":{"start":{"line":121,"column":16},"end":{"line":121,"column":41}},"36":{"start":{"line":122,"column":16},"end":{"line":122,"column":58}},"37":{"start":{"line":123,"column":26},"end":{"line":123,"column":101}},"38":{"start":{"line":125,"column":2},"end":{"line":130,"column":5}},"39":{"start":{"line":136,"column":0},"end":{"line":150,"column":3}},"40":{"start":{"line":137,"column":15},"end":{"line":137,"column":48}},"41":{"start":{"line":138,"column":16},"end":{"line":138,"column":66}},"42":{"start":{"line":139,"column":15},"end":{"line":139,"column":33}},"43":{"start":{"line":140,"column":16},"end":{"line":140,"column":34}},"44":{"start":{"line":141,"column":16},"end":{"line":141,"column":58}},"45":{"start":{"line":142,"column":26},"end":{"line":142,"column":101}},"46":{"start":{"line":144,"column":2},"end":{"line":149,"column":5}}},"fnMap":{"0":{"name":"(anonymous_0)","decl":{"start":{"line":8,"column":42},"end":{"line":8,"column":43}},"loc":{"start":{"line":8,"column":68},"end":{"line":10,"column":1}},"line":8},"1":{"name":"(anonymous_1)","decl":{"start":{"line":15,"column":41},"end":{"line":15,"column":42}},"loc":{"start":{"line":15,"column":67},"end":{"line":26,"column":1}},"line":15},"2":{"name":"(anonymous_2)","decl":{"start":{"line":31,"column":44},"end":{"line":31,"column":45}},"loc":{"start":{"line":31,"column":70},"end":{"line":55,"column":1}},"line":31},"3":{"name":"(anonymous_3)","decl":{"start":{"line":47,"column":37},"end":{"line":47,"column":38}},"loc":{"start":{"line":47,"column":44},"end":{"line":47,"column":105}},"line":47},"4":{"name":"(anonymous_4)","decl":{"start":{"line":60,"column":44},"end":{"line":60,"column":45}},"loc":{"start":{"line":60,"column":70},"end":{"line":94,"column":1}},"line":60},"5":{"name":"(anonymous_5)","decl":{"start":{"line":83,"column":37},"end":{"line":83,"column":38}},"loc":{"start":{"line":83,"column":44},"end":{"line":83,"column":105}},"line":83},"6":{"name":"(anonymous_6)","decl":{"start":{"line":99,"column":44},"end":{"line":99,"column":45}},"loc":{"start":{"line":99,"column":70},"end":{"line":112,"column":1}},"line":99},"7":{"name":"(anonymous_7)","decl":{"start":{"line":117,"column":48},"end":{"line":117,"column":49}},"loc":{"start":{"line":117,"column":74},"end":{"line":131,"column":1}},"line":117},"8":{"name":"(anonymous_8)","decl":{"start":{"line":136,"column":48},"end":{"line":136,"column":49}},"loc":{"start":{"line":136,"column":74},"end":{"line":150,"column":1}},"line":136}},"branchMap":{"0":{"loc":{"start":{"line":18,"column":2},"end":{"line":20,"column":3}},"type":"if","locations":[{"start":{"line":18,"column":2},"end":{"line":20,"column":3}},{"start":{},"end":{}}],"line":18},"1":{"loc":{"start":{"line":47,"column":44},"end":{"line":47,"column":105}},"type":"binary-expr","locations":[{"start":{"line":47,"column":44},"end":{"line":47,"column":76}},{"start":{"line":47,"column":80},"end":{"line":47,"column":105}}],"line":47},"2":{"loc":{"start":{"line":63,"column":2},"end":{"line":65,"column":3}},"type":"if","locations":[{"start":{"line":63,"column":2},"end":{"line":65,"column":3}},{"start":{},"end":{}}],"line":63},"3":{"loc":{"start":{"line":83,"column":44},"end":{"line":83,"column":105}},"type":"binary-expr","locations":[{"start":{"line":83,"column":44},"end":{"line":83,"column":76}},{"start":{"line":83,"column":80},"end":{"line":83,"column":105}}],"line":83},"4":{"loc":{"start":{"line":102,"column":2},"end":{"line":104,"column":3}},"type":"if","locations":[{"start":{"line":102,"column":2},"end":{"line":104,"column":3}},{"start":{},"end":{}}],"line":102},"5":{"loc":{"start":{"line":118,"column":15},"end":{"line":118,"column":48}},"type":"binary-expr","locations":[{"start":{"line":118,"column":15},"end":{"line":118,"column":43}},{"start":{"line":118,"column":47},"end":{"line":118,"column":48}}],"line":118},"6":{"loc":{"start":{"line":119,"column":25},"end":{"line":119,"column":60}},"type":"binary-expr","locations":[{"start":{"line":119,"column":25},"end":{"line":119,"column":54}},{"start":{"line":119,"column":58},"end":{"line":119,"column":60}}],"line":119},"7":{"loc":{"start":{"line":137,"column":15},"end":{"line":137,"column":48}},"type":"binary-expr","locations":[{"start":{"line":137,"column":15},"end":{"line":137,"column":43}},{"start":{"line":137,"column":47},"end":{"line":137,"column":48}}],"line":137},"8":{"loc":{"start":{"line":138,"column":25},"end":{"line":138,"column":60}},"type":"binary-expr","locations":[{"start":{"line":138,"column":25},"end":{"line":138,"column":54}},{"start":{"line":138,"column":58},"end":{"line":138,"column":60}}],"line":138}},"s":{"0":23,"1":23,"2":23,"3":23,"4":1,"5":23,"6":0,"7":0,"8":0,"9":0,"10":23,"11":4,"12":4,"13":48,"14":4,"15":4,"16":23,"17":2,"18":2,"19":0,"20":2,"21":2,"22":26,"23":2,"24":2,"25":23,"26":2,"27":2,"28":0,"29":2,"30":2,"31":23,"32":1,"33":1,"34":1,"35":1,"36":1,"37":1,"38":1,"39":23,"40":2,"41":2,"42":2,"43":2,"44":2,"45":2,"46":2},"f":{"0":1,"1":0,"2":4,"3":48,"4":2,"5":26,"6":2,"7":1,"8":2},"b":{"0":[0,0],"1":[48,33],"2":[0,2],"3":[26,23],"4":[0,2],"5":[1,1],"6":[1,1],"7":[2,2],"8":[2,2]},"_coverageSchema":"1a1c01bbd47fc00a2c39e90264f33305004495a9","hash":"7c2cdc27180de229240964dd55a26824266070cd"}
,"C:\\Users\\sujan\\Downloads\\CRM-RE-changes\\CRM-RE-changes\\backend\\controllers\\groupController.js": {"path":"C:\\Users\\sujan\\Downloads\\CRM-RE-changes\\CRM-RE-changes\\backend\\controllers\\groupController.js","statementMap":{"0":{"start":{"line":1,"column":21},"end":{"line":1,"column":51}},"1":{"start":{"line":2,"column":22},"end":{"line":2,"column":55}},"2":{"start":{"line":3,"column":14},"end":{"line":3,"column":40}},"3":{"start":{"line":8,"column":0},"end":{"line":10,"column":3}},"4":{"start":{"line":9,"column":2},"end":{"line":9,"column":44}},"5":{"start":{"line":15,"column":0},"end":{"line":26,"column":3}},"6":{"start":{"line":16,"column":16},"end":{"line":16,"column":93}},"7":{"start":{"line":18,"column":2},"end":{"line":20,"column":3}},"8":{"start":{"line":19,"column":4},"end":{"line":19,"column":87}},"9":{"start":{"line":22,"column":2},"end":{"line":25,"column":5}},"10":{"start":{"line":31,"column":0},"end":{"line":38,"column":3}},"11":{"start":{"line":32,"column":16},"end":{"line":32,"column":44}},"12":{"start":{"line":34,"column":2},"end":{"line":37,"column":5}},"13":{"start":{"line":43,"column":0},"end":{"line":67,"column":3}},"14":{"start":{"line":44,"column":14},"end":{"line":44,"column":49}},"15":{"start":{"line":46,"column":2},"end":{"line":48,"column":3}},"16":{"start":{"line":47,"column":4},"end":{"line":47,"column":87}},"17":{"start":{"line":50,"column":24},"end":{"line":54,"column":3}},"18":{"start":{"line":56,"column":2},"end":{"line":56,"column":107}},"19":{"start":{"line":56,"column":44},"end":{"line":56,"column":105}},"20":{"start":{"line":58,"column":2},"end":{"line":61,"column":5}},"21":{"start":{"line":63,"column":2},"end":{"line":66,"column":5}},"22":{"start":{"line":72,"column":0},"end":{"line":89,"column":3}},"23":{"start":{"line":73,"column":16},"end":{"line":73,"column":51}},"24":{"start":{"line":75,"column":2},"end":{"line":77,"column":3}},"25":{"start":{"line":76,"column":4},"end":{"line":76,"column":87}},"26":{"start":{"line":80,"column":15},"end":{"line":80,"column":40}},"27":{"start":{"line":81,"column":2},"end":{"line":81,"column":67}},"28":{"start":{"line":83,"column":2},"end":{"line":83,"column":26}},"29":{"start":{"line":85,"column":2},"end":{"line":88,"column":5}},"30":{"start":{"line":94,"column":0},"end":{"line":119,"column":3}},"31":{"start":{"line":95,"column":16},"end":{"line":95,"column":51}},"32":{"start":{"line":97,"column":2},"end":{"line":99,"column":3}},"33":{"start":{"line":98,"column":4},"end":{"line":98,"column":87}},"34":{"start":{"line":101,"column":21},"end":{"line":101,"column":29}},"35":{"start":{"line":103,"column":2},"end":{"line":105,"column":3}},"36":{"start":{"line":104,"column":4},"end":{"line":104,"column":67}},"37":{"start":{"line":108,"column":2},"end":{"line":110,"column":3}},"38":{"start":{"line":109,"column":4},"end":{"line":109,"column":82}},"39":{"start":{"line":112,"column":2},"end":{"line":112,"column":29}},"40":{"start":{"line":113,"column":2},"end":{"line":113,"column":21}},"41":{"start":{"line":115,"column":2},"end":{"line":118,"column":5}},"42":{"start":{"line":124,"column":0},"end":{"line":144,"column":3}},"43":{"start":{"line":125,"column":16},"end":{"line":125,"column":51}},"44":{"start":{"line":127,"column":2},"end":{"line":129,"column":3}},"45":{"start":{"line":128,"column":4},"end":{"line":128,"column":87}},"46":{"start":{"line":131,"column":22},"end":{"line":131,"column":62}},"47":{"start":{"line":133,"column":2},"end":{"line":135,"column":3}},"48":{"start":{"line":134,"column":4},"end":{"line":134,"column":78}},"49":{"start":{"line":137,"column":2},"end":{"line":137,"column":39}},"50":{"start":{"line":138,"column":2},"end":{"line":138,"column":21}},"51":{"start":{"line":140,"column":2},"end":{"line":143,"column":5}}},"fnMap":{"0":{"name":"(anonymous_0)","decl":{"start":{"line":8,"column":33},"end":{"line":8,"column":34}},"loc":{"start":{"line":8,"column":59},"end":{"line":10,"column":1}},"line":8},"1":{"name":"(anonymous_1)","decl":{"start":{"line":15,"column":32},"end":{"line":15,"column":33}},"loc":{"start":{"line":15,"column":58},"end":{"line":26,"column":1}},"line":15},"2":{"name":"(anonymous_2)","decl":{"start":{"line":31,"column":35},"end":{"line":31,"column":36}},"loc":{"start":{"line":31,"column":61},"end":{"line":38,"column":1}},"line":31},"3":{"name":"(anonymous_3)","decl":{"start":{"line":43,"column":35},"end":{"line":43,"column":36}},"loc":{"start":{"line":43,"column":61},"end":{"line":67,"column":1}},"line":43},"4":{"name":"(anonymous_4)","decl":{"start":{"line":56,"column":37},"end":{"line":56,"column":38}},"loc":{"start":{"line":56,"column":44},"end":{"line":56,"column":105}},"line":56},"5":{"name":"(anonymous_5)","decl":{"start":{"line":72,"column":35},"end":{"line":72,"column":36}},"loc":{"start":{"line":72,"column":61},"end":{"line":89,"column":1}},"line":72},"6":{"name":"(anonymous_6)","decl":{"start":{"line":94,"column":33},"end":{"line":94,"column":34}},"loc":{"start":{"line":94,"column":59},"end":{"line":119,"column":1}},"line":94},"7":{"name":"(anonymous_7)","decl":{"start":{"line":124,"column":36},"end":{"line":124,"column":37}},"loc":{"start":{"line":124,"column":62},"end":{"line":144,"column":1}},"line":124}},"branchMap":{"0":{"loc":{"start":{"line":18,"column":2},"end":{"line":20,"column":3}},"type":"if","locations":[{"start":{"line":18,"column":2},"end":{"line":20,"column":3}},{"start":{},"end":{}}],"line":18},"1":{"loc":{"start":{"line":46,"column":2},"end":{"line":48,"column":3}},"type":"if","locations":[{"start":{"line":46,"column":2},"end":{"line":48,"column":3}},{"start":{},"end":{}}],"line":46},"2":{"loc":{"start":{"line":56,"column":44},"end":{"line":56,"column":105}},"type":"binary-expr","locations":[{"start":{"line":56,"column":44},"end":{"line":56,"column":76}},{"start":{"line":56,"column":80},"end":{"line":56,"column":105}}],"line":56},"3":{"loc":{"start":{"line":75,"column":2},"end":{"line":77,"column":3}},"type":"if","locations":[{"start":{"line":75,"column":2},"end":{"line":77,"column":3}},{"start":{},"end":{}}],"line":75},"4":{"loc":{"start":{"line":97,"column":2},"end":{"line":99,"column":3}},"type":"if","locations":[{"start":{"line":97,"column":2},"end":{"line":99,"column":3}},{"start":{},"end":{}}],"line":97},"5":{"loc":{"start":{"line":103,"column":2},"end":{"line":105,"column":3}},"type":"if","locations":[{"start":{"line":103,"column":2},"end":{"line":105,"column":3}},{"start":{},"end":{}}],"line":103},"6":{"loc":{"start":{"line":108,"column":2},"end":{"line":110,"column":3}},"type":"if","locations":[{"start":{"line":108,"column":2},"end":{"line":110,"column":3}},{"start":{},"end":{}}],"line":108},"7":{"loc":{"start":{"line":127,"column":2},"end":{"line":129,"column":3}},"type":"if","locations":[{"start":{"line":127,"column":2},"end":{"line":129,"column":3}},{"start":{},"end":{}}],"line":127},"8":{"loc":{"start":{"line":133,"column":2},"end":{"line":135,"column":3}},"type":"if","locations":[{"start":{"line":133,"column":2},"end":{"line":135,"column":3}},{"start":{},"end":{}}],"line":133}},"s":{"0":23,"1":23,"2":23,"3":23,"4":1,"5":23,"6":2,"7":2,"8":0,"9":2,"10":23,"11":2,"12":2,"13":23,"14":1,"15":1,"16":0,"17":1,"18":1,"19":3,"20":1,"21":1,"22":23,"23":2,"24":2,"25":0,"26":2,"27":2,"28":2,"29":2,"30":23,"31":4,"32":4,"33":0,"34":4,"35":4,"36":0,"37":4,"38":1,"39":3,"40":3,"41":3,"42":23,"43":2,"44":2,"45":0,"46":2,"47":2,"48":0,"49":2,"50":2,"51":2},"f":{"0":1,"1":2,"2":2,"3":1,"4":3,"5":2,"6":4,"7":2},"b":{"0":[0,2],"1":[0,1],"2":[3,2],"3":[0,2],"4":[0,4],"5":[0,4],"6":[1,3],"7":[0,2],"8":[0,2]},"_coverageSchema":"1a1c01bbd47fc00a2c39e90264f33305004495a9","hash":"86f06e314ef45a07bc2834ce92004aeb98aabf1b"}
,"C:\\Users\\sujan\\Downloads\\CRM-RE-changes\\CRM-RE-changes\\backend\\controllers\\leadController.js": {"path":"C:\\Users\\sujan\\Downloads\\CRM-RE-changes\\CRM-RE-changes\\backend\\controllers\\leadController.js","statementMap":{"0":{"start":{"line":1,"column":21},"end":{"line":1,"column":51}},"1":{"start":{"line":2,"column":22},"end":{"line":2,"column":55}},"2":{"start":{"line":3,"column":13},"end":{"line":3,"column":38}},"3":{"start":{"line":8,"column":0},"end":{"line":10,"column":3}},"4":{"start":{"line":9,"column":2},"end":{"line":9,"column":44}},"5":{"start":{"line":15,"column":0},"end":{"line":38,"column":3}},"6":{"start":{"line":16,"column":15},"end":{"line":28,"column":6}},"7":{"start":{"line":30,"column":2},"end":{"line":32,"column":3}},"8":{"start":{"line":31,"column":4},"end":{"line":31,"column":86}},"9":{"start":{"line":34,"column":2},"end":{"line":37,"column":5}},"10":{"start":{"line":43,"column":0},"end":{"line":78,"column":3}},"11":{"start":{"line":44,"column":24},"end":{"line":68,"column":3}},"12":{"start":{"line":70,"column":2},"end":{"line":70,"column":107}},"13":{"start":{"line":70,"column":44},"end":{"line":70,"column":105}},"14":{"start":{"line":72,"column":15},"end":{"line":72,"column":47}},"15":{"start":{"line":74,"column":2},"end":{"line":77,"column":5}},"16":{"start":{"line":83,"column":0},"end":{"line":127,"column":3}},"17":{"start":{"line":84,"column":13},"end":{"line":84,"column":47}},"18":{"start":{"line":86,"column":2},"end":{"line":88,"column":3}},"19":{"start":{"line":87,"column":4},"end":{"line":87,"column":86}},"20":{"start":{"line":90,"column":24},"end":{"line":114,"column":3}},"21":{"start":{"line":116,"column":2},"end":{"line":116,"column":107}},"22":{"start":{"line":116,"column":44},"end":{"line":116,"column":105}},"23":{"start":{"line":118,"column":2},"end":{"line":121,"column":5}},"24":{"start":{"line":123,"column":2},"end":{"line":126,"column":5}},"25":{"start":{"line":132,"column":0},"end":{"line":145,"column":3}},"26":{"start":{"line":133,"column":15},"end":{"line":133,"column":49}},"27":{"start":{"line":135,"column":2},"end":{"line":137,"column":3}},"28":{"start":{"line":136,"column":4},"end":{"line":136,"column":86}},"29":{"start":{"line":139,"column":2},"end":{"line":139,"column":25}},"30":{"start":{"line":141,"column":2},"end":{"line":144,"column":5}},"31":{"start":{"line":150,"column":0},"end":{"line":164,"column":3}},"32":{"start":{"line":151,"column":15},"end":{"line":151,"column":48}},"33":{"start":{"line":152,"column":16},"end":{"line":152,"column":66}},"34":{"start":{"line":153,"column":15},"end":{"line":153,"column":33}},"35":{"start":{"line":154,"column":16},"end":{"line":154,"column":51}},"36":{"start":{"line":155,"column":16},"end":{"line":155,"column":48}},"37":{"start":{"line":156,"column":16},"end":{"line":156,"column":81}},"38":{"start":{"line":158,"column":2},"end":{"line":163,"column":5}},"39":{"start":{"line":169,"column":0},"end":{"line":183,"column":3}},"40":{"start":{"line":170,"column":15},"end":{"line":170,"column":48}},"41":{"start":{"line":171,"column":16},"end":{"line":171,"column":66}},"42":{"start":{"line":172,"column":15},"end":{"line":172,"column":33}},"43":{"start":{"line":173,"column":16},"end":{"line":173,"column":45}},"44":{"start":{"line":174,"column":16},"end":{"line":174,"column":48}},"45":{"start":{"line":175,"column":16},"end":{"line":175,"column":81}},"46":{"start":{"line":177,"column":2},"end":{"line":182,"column":5}},"47":{"start":{"line":188,"column":0},"end":{"line":202,"column":3}},"48":{"start":{"line":189,"column":15},"end":{"line":189,"column":48}},"49":{"start":{"line":190,"column":16},"end":{"line":190,"column":66}},"50":{"start":{"line":191,"column":15},"end":{"line":191,"column":33}},"51":{"start":{"line":192,"column":16},"end":{"line":192,"column":49}},"52":{"start":{"line":193,"column":16},"end":{"line":193,"column":48}},"53":{"start":{"line":194,"column":16},"end":{"line":194,"column":81}},"54":{"start":{"line":196,"column":2},"end":{"line":201,"column":5}}},"fnMap":{"0":{"name":"(anonymous_0)","decl":{"start":{"line":8,"column":32},"end":{"line":8,"column":33}},"loc":{"start":{"line":8,"column":58},"end":{"line":10,"column":1}},"line":8},"1":{"name":"(anonymous_1)","decl":{"start":{"line":15,"column":31},"end":{"line":15,"column":32}},"loc":{"start":{"line":15,"column":57},"end":{"line":38,"column":1}},"line":15},"2":{"name":"(anonymous_2)","decl":{"start":{"line":43,"column":34},"end":{"line":43,"column":35}},"loc":{"start":{"line":43,"column":60},"end":{"line":78,"column":1}},"line":43},"3":{"name":"(anonymous_3)","decl":{"start":{"line":70,"column":37},"end":{"line":70,"column":38}},"loc":{"start":{"line":70,"column":44},"end":{"line":70,"column":105}},"line":70},"4":{"name":"(anonymous_4)","decl":{"start":{"line":83,"column":34},"end":{"line":83,"column":35}},"loc":{"start":{"line":83,"column":60},"end":{"line":127,"column":1}},"line":83},"5":{"name":"(anonymous_5)","decl":{"start":{"line":116,"column":37},"end":{"line":116,"column":38}},"loc":{"start":{"line":116,"column":44},"end":{"line":116,"column":105}},"line":116},"6":{"name":"(anonymous_6)","decl":{"start":{"line":132,"column":34},"end":{"line":132,"column":35}},"loc":{"start":{"line":132,"column":60},"end":{"line":145,"column":1}},"line":132},"7":{"name":"(anonymous_7)","decl":{"start":{"line":150,"column":41},"end":{"line":150,"column":42}},"loc":{"start":{"line":150,"column":67},"end":{"line":164,"column":1}},"line":150},"8":{"name":"(anonymous_8)","decl":{"start":{"line":169,"column":40},"end":{"line":169,"column":41}},"loc":{"start":{"line":169,"column":66},"end":{"line":183,"column":1}},"line":169},"9":{"name":"(anonymous_9)","decl":{"start":{"line":188,"column":38},"end":{"line":188,"column":39}},"loc":{"start":{"line":188,"column":64},"end":{"line":202,"column":1}},"line":188}},"branchMap":{"0":{"loc":{"start":{"line":30,"column":2},"end":{"line":32,"column":3}},"type":"if","locations":[{"start":{"line":30,"column":2},"end":{"line":32,"column":3}},{"start":{},"end":{}}],"line":30},"1":{"loc":{"start":{"line":70,"column":44},"end":{"line":70,"column":105}},"type":"binary-expr","locations":[{"start":{"line":70,"column":44},"end":{"line":70,"column":76}},{"start":{"line":70,"column":80},"end":{"line":70,"column":105}}],"line":70},"2":{"loc":{"start":{"line":86,"column":2},"end":{"line":88,"column":3}},"type":"if","locations":[{"start":{"line":86,"column":2},"end":{"line":88,"column":3}},{"start":{},"end":{}}],"line":86},"3":{"loc":{"start":{"line":116,"column":44},"end":{"line":116,"column":105}},"type":"binary-expr","locations":[{"start":{"line":116,"column":44},"end":{"line":116,"column":76}},{"start":{"line":116,"column":80},"end":{"line":116,"column":105}}],"line":116},"4":{"loc":{"start":{"line":135,"column":2},"end":{"line":137,"column":3}},"type":"if","locations":[{"start":{"line":135,"column":2},"end":{"line":137,"column":3}},{"start":{},"end":{}}],"line":135},"5":{"loc":{"start":{"line":151,"column":15},"end":{"line":151,"column":48}},"type":"binary-expr","locations":[{"start":{"line":151,"column":15},"end":{"line":151,"column":43}},{"start":{"line":151,"column":47},"end":{"line":151,"column":48}}],"line":151},"6":{"loc":{"start":{"line":152,"column":25},"end":{"line":152,"column":60}},"type":"binary-expr","locations":[{"start":{"line":152,"column":25},"end":{"line":152,"column":54}},{"start":{"line":152,"column":58},"end":{"line":152,"column":60}}],"line":152},"7":{"loc":{"start":{"line":170,"column":15},"end":{"line":170,"column":48}},"type":"binary-expr","locations":[{"start":{"line":170,"column":15},"end":{"line":170,"column":43}},{"start":{"line":170,"column":47},"end":{"line":170,"column":48}}],"line":170},"8":{"loc":{"start":{"line":171,"column":25},"end":{"line":171,"column":60}},"type":"binary-expr","locations":[{"start":{"line":171,"column":25},"end":{"line":171,"column":54}},{"start":{"line":171,"column":58},"end":{"line":171,"column":60}}],"line":171},"9":{"loc":{"start":{"line":189,"column":15},"end":{"line":189,"column":48}},"type":"binary-expr","locations":[{"start":{"line":189,"column":15},"end":{"line":189,"column":43}},{"start":{"line":189,"column":47},"end":{"line":189,"column":48}}],"line":189},"10":{"loc":{"start":{"line":190,"column":25},"end":{"line":190,"column":60}},"type":"binary-expr","locations":[{"start":{"line":190,"column":25},"end":{"line":190,"column":54}},{"start":{"line":190,"column":58},"end":{"line":190,"column":60}}],"line":190}},"s":{"0":23,"1":23,"2":23,"3":23,"4":16,"5":23,"6":7,"7":6,"8":3,"9":3,"10":23,"11":15,"12":15,"13":345,"14":15,"15":15,"16":23,"17":12,"18":12,"19":1,"20":11,"21":11,"22":253,"23":11,"24":11,"25":23,"26":2,"27":2,"28":1,"29":1,"30":1,"31":23,"32":2,"33":2,"34":2,"35":2,"36":2,"37":2,"38":2,"39":23,"40":3,"41":3,"42":3,"43":3,"44":3,"45":3,"46":3,"47":23,"48":1,"49":1,"50":1,"51":1,"52":1,"53":1,"54":1},"f":{"0":16,"1":7,"2":15,"3":345,"4":12,"5":253,"6":2,"7":2,"8":3,"9":1},"b":{"0":[3,3],"1":[345,285],"2":[1,11],"3":[253,236],"4":[1,1],"5":[2,1],"6":[2,1],"7":[3,3],"8":[3,3],"9":[1,1],"10":[1,1]},"_coverageSchema":"1a1c01bbd47fc00a2c39e90264f33305004495a9","hash":"453528a939e2a71db77dd7dbbba5e72169278c19"}
,"C:\\Users\\sujan\\Downloads\\CRM-RE-changes\\CRM-RE-changes\\backend\\controllers\\notificationController.js": {"path":"C:\\Users\\sujan\\Downloads\\CRM-RE-changes\\CRM-RE-changes\\backend\\controllers\\notificationController.js","statementMap":{"0":{"start":{"line":1,"column":21},"end":{"line":1,"column":51}},"1":{"start":{"line":2,"column":22},"end":{"line":2,"column":55}},"2":{"start":{"line":3,"column":21},"end":{"line":3,"column":54}},"3":{"start":{"line":4,"column":13},"end":{"line":4,"column":38}},"4":{"start":{"line":5,"column":13},"end":{"line":5,"column":38}},"5":{"start":{"line":8,"column":44},"end":{"line":104,"column":1}},"6":{"start":{"line":9,"column":2},"end":{"line":103,"column":3}},"7":{"start":{"line":10,"column":18},"end":{"line":10,"column":28}},"8":{"start":{"line":11,"column":23},"end":{"line":11,"column":43}},"9":{"start":{"line":12,"column":21},"end":{"line":12,"column":36}},"10":{"start":{"line":13,"column":24},"end":{"line":13,"column":43}},"11":{"start":{"line":15,"column":24},"end":{"line":15,"column":51}},"12":{"start":{"line":16,"column":22},"end":{"line":16,"column":68}},"13":{"start":{"line":19,"column":21},"end":{"line":22,"column":6}},"14":{"start":{"line":24,"column":26},"end":{"line":31,"column":6}},"15":{"start":{"line":25,"column":6},"end":{"line":25,"column":34}},"16":{"start":{"line":25,"column":21},"end":{"line":25,"column":34}},"17":{"start":{"line":26,"column":21},"end":{"line":26,"column":39}},"18":{"start":{"line":27,"column":6},"end":{"line":29,"column":7}},"19":{"start":{"line":28,"column":8},"end":{"line":28,"column":87}},"20":{"start":{"line":30,"column":6},"end":{"line":30,"column":19}},"21":{"start":{"line":33,"column":4},"end":{"line":54,"column":5}},"22":{"start":{"line":34,"column":23},"end":{"line":40,"column":8}},"23":{"start":{"line":42,"column":6},"end":{"line":53,"column":7}},"24":{"start":{"line":43,"column":8},"end":{"line":52,"column":11}},"25":{"start":{"line":57,"column":25},"end":{"line":60,"column":6}},"26":{"start":{"line":62,"column":30},"end":{"line":77,"column":6}},"27":{"start":{"line":63,"column":6},"end":{"line":63,"column":34}},"28":{"start":{"line":63,"column":21},"end":{"line":63,"column":34}},"29":{"start":{"line":65,"column":20},"end":{"line":65,"column":39}},"30":{"start":{"line":66,"column":6},"end":{"line":70,"column":7}},"31":{"start":{"line":67,"column":18},"end":{"line":67,"column":40}},"32":{"start":{"line":68,"column":18},"end":{"line":68,"column":40}},"33":{"start":{"line":69,"column":8},"end":{"line":69,"column":60}},"34":{"start":{"line":69,"column":48},"end":{"line":69,"column":60}},"35":{"start":{"line":72,"column":21},"end":{"line":72,"column":39}},"36":{"start":{"line":73,"column":6},"end":{"line":75,"column":7}},"37":{"start":{"line":74,"column":8},"end":{"line":74,"column":87}},"38":{"start":{"line":76,"column":6},"end":{"line":76,"column":19}},"39":{"start":{"line":79,"column":4},"end":{"line":100,"column":5}},"40":{"start":{"line":80,"column":23},"end":{"line":86,"column":8}},"41":{"start":{"line":88,"column":6},"end":{"line":99,"column":7}},"42":{"start":{"line":89,"column":8},"end":{"line":98,"column":11}},"43":{"start":{"line":102,"column":4},"end":{"line":102,"column":72}},"44":{"start":{"line":109,"column":0},"end":{"line":114,"column":3}},"45":{"start":{"line":110,"column":2},"end":{"line":112,"column":3}},"46":{"start":{"line":111,"column":4},"end":{"line":111,"column":60}},"47":{"start":{"line":113,"column":2},"end":{"line":113,"column":44}},"48":{"start":{"line":119,"column":0},"end":{"line":130,"column":3}},"49":{"start":{"line":120,"column":23},"end":{"line":120,"column":65}},"50":{"start":{"line":122,"column":2},"end":{"line":124,"column":3}},"51":{"start":{"line":123,"column":4},"end":{"line":123,"column":94}},"52":{"start":{"line":126,"column":2},"end":{"line":129,"column":5}},"53":{"start":{"line":135,"column":0},"end":{"line":144,"column":3}},"54":{"start":{"line":136,"column":2},"end":{"line":136,"column":32}},"55":{"start":{"line":138,"column":23},"end":{"line":138,"column":58}},"56":{"start":{"line":140,"column":2},"end":{"line":143,"column":5}},"57":{"start":{"line":149,"column":0},"end":{"line":172,"column":3}},"58":{"start":{"line":150,"column":21},"end":{"line":150,"column":63}},"59":{"start":{"line":152,"column":2},"end":{"line":154,"column":3}},"60":{"start":{"line":153,"column":4},"end":{"line":153,"column":94}},"61":{"start":{"line":157,"column":24},"end":{"line":159,"column":3}},"62":{"start":{"line":161,"column":2},"end":{"line":161,"column":107}},"63":{"start":{"line":161,"column":44},"end":{"line":161,"column":105}},"64":{"start":{"line":163,"column":2},"end":{"line":166,"column":5}},"65":{"start":{"line":168,"column":2},"end":{"line":171,"column":5}},"66":{"start":{"line":177,"column":0},"end":{"line":190,"column":3}},"67":{"start":{"line":178,"column":23},"end":{"line":178,"column":65}},"68":{"start":{"line":180,"column":2},"end":{"line":182,"column":3}},"69":{"start":{"line":181,"column":4},"end":{"line":181,"column":94}},"70":{"start":{"line":184,"column":2},"end":{"line":184,"column":33}},"71":{"start":{"line":186,"column":2},"end":{"line":189,"column":5}},"72":{"start":{"line":195,"column":0},"end":{"line":213,"column":3}},"73":{"start":{"line":196,"column":2},"end":{"line":198,"column":3}},"74":{"start":{"line":197,"column":4},"end":{"line":197,"column":60}},"75":{"start":{"line":200,"column":15},"end":{"line":200,"column":48}},"76":{"start":{"line":201,"column":16},"end":{"line":201,"column":66}},"77":{"start":{"line":202,"column":15},"end":{"line":202,"column":33}},"78":{"start":{"line":203,"column":16},"end":{"line":203,"column":115}},"79":{"start":{"line":204,"column":16},"end":{"line":204,"column":56}},"80":{"start":{"line":205,"column":24},"end":{"line":205,"column":97}},"81":{"start":{"line":207,"column":2},"end":{"line":212,"column":5}},"82":{"start":{"line":218,"column":0},"end":{"line":232,"column":3}},"83":{"start":{"line":219,"column":21},"end":{"line":219,"column":63}},"84":{"start":{"line":221,"column":2},"end":{"line":223,"column":3}},"85":{"start":{"line":222,"column":4},"end":{"line":222,"column":94}},"86":{"start":{"line":225,"column":2},"end":{"line":225,"column":29}},"87":{"start":{"line":226,"column":2},"end":{"line":226,"column":28}},"88":{"start":{"line":228,"column":2},"end":{"line":231,"column":5}},"89":{"start":{"line":237,"column":0},"end":{"line":244,"column":3}},"90":{"start":{"line":238,"column":2},"end":{"line":238,"column":90}},"91":{"start":{"line":240,"column":2},"end":{"line":243,"column":5}}},"fnMap":{"0":{"name":"(anonymous_0)","decl":{"start":{"line":8,"column":44},"end":{"line":8,"column":45}},"loc":{"start":{"line":8,"column":63},"end":{"line":104,"column":1}},"line":8},"1":{"name":"(anonymous_1)","decl":{"start":{"line":24,"column":42},"end":{"line":24,"column":43}},"loc":{"start":{"line":24,"column":50},"end":{"line":31,"column":5}},"line":24},"2":{"name":"(anonymous_2)","decl":{"start":{"line":62,"column":50},"end":{"line":62,"column":51}},"loc":{"start":{"line":62,"column":58},"end":{"line":77,"column":5}},"line":62},"3":{"name":"(anonymous_3)","decl":{"start":{"line":109,"column":40},"end":{"line":109,"column":41}},"loc":{"start":{"line":109,"column":66},"end":{"line":114,"column":1}},"line":109},"4":{"name":"(anonymous_4)","decl":{"start":{"line":119,"column":39},"end":{"line":119,"column":40}},"loc":{"start":{"line":119,"column":65},"end":{"line":130,"column":1}},"line":119},"5":{"name":"(anonymous_5)","decl":{"start":{"line":135,"column":42},"end":{"line":135,"column":43}},"loc":{"start":{"line":135,"column":68},"end":{"line":144,"column":1}},"line":135},"6":{"name":"(anonymous_6)","decl":{"start":{"line":149,"column":42},"end":{"line":149,"column":43}},"loc":{"start":{"line":149,"column":68},"end":{"line":172,"column":1}},"line":149},"7":{"name":"(anonymous_7)","decl":{"start":{"line":161,"column":37},"end":{"line":161,"column":38}},"loc":{"start":{"line":161,"column":44},"end":{"line":161,"column":105}},"line":161},"8":{"name":"(anonymous_8)","decl":{"start":{"line":177,"column":42},"end":{"line":177,"column":43}},"loc":{"start":{"line":177,"column":68},"end":{"line":190,"column":1}},"line":177},"9":{"name":"(anonymous_9)","decl":{"start":{"line":195,"column":46},"end":{"line":195,"column":47}},"loc":{"start":{"line":195,"column":72},"end":{"line":213,"column":1}},"line":195},"10":{"name":"(anonymous_10)","decl":{"start":{"line":218,"column":34},"end":{"line":218,"column":35}},"loc":{"start":{"line":218,"column":60},"end":{"line":232,"column":1}},"line":218},"11":{"name":"(anonymous_11)","decl":{"start":{"line":237,"column":37},"end":{"line":237,"column":38}},"loc":{"start":{"line":237,"column":63},"end":{"line":244,"column":1}},"line":237}},"branchMap":{"0":{"loc":{"start":{"line":25,"column":6},"end":{"line":25,"column":34}},"type":"if","locations":[{"start":{"line":25,"column":6},"end":{"line":25,"column":34}},{"start":{},"end":{}}],"line":25},"1":{"loc":{"start":{"line":27,"column":6},"end":{"line":29,"column":7}},"type":"if","locations":[{"start":{"line":27,"column":6},"end":{"line":29,"column":7}},{"start":{},"end":{}}],"line":27},"2":{"loc":{"start":{"line":28,"column":15},"end":{"line":28,"column":86}},"type":"binary-expr","locations":[{"start":{"line":28,"column":15},"end":{"line":28,"column":53}},{"start":{"line":28,"column":57},"end":{"line":28,"column":86}}],"line":28},"3":{"loc":{"start":{"line":42,"column":6},"end":{"line":53,"column":7}},"type":"if","locations":[{"start":{"line":42,"column":6},"end":{"line":53,"column":7}},{"start":{},"end":{}}],"line":42},"4":{"loc":{"start":{"line":63,"column":6},"end":{"line":63,"column":34}},"type":"if","locations":[{"start":{"line":63,"column":6},"end":{"line":63,"column":34}},{"start":{},"end":{}}],"line":63},"5":{"loc":{"start":{"line":66,"column":6},"end":{"line":70,"column":7}},"type":"if","locations":[{"start":{"line":66,"column":6},"end":{"line":70,"column":7}},{"start":{},"end":{}}],"line":66},"6":{"loc":{"start":{"line":69,"column":8},"end":{"line":69,"column":60}},"type":"if","locations":[{"start":{"line":69,"column":8},"end":{"line":69,"column":60}},{"start":{},"end":{}}],"line":69},"7":{"loc":{"start":{"line":69,"column":12},"end":{"line":69,"column":46}},"type":"binary-expr","locations":[{"start":{"line":69,"column":12},"end":{"line":69,"column":28}},{"start":{"line":69,"column":32},"end":{"line":69,"column":46}}],"line":69},"8":{"loc":{"start":{"line":73,"column":6},"end":{"line":75,"column":7}},"type":"if","locations":[{"start":{"line":73,"column":6},"end":{"line":75,"column":7}},{"start":{},"end":{}}],"line":73},"9":{"loc":{"start":{"line":74,"column":15},"end":{"line":74,"column":86}},"type":"binary-expr","locations":[{"start":{"line":74,"column":15},"end":{"line":74,"column":53}},{"start":{"line":74,"column":57},"end":{"line":74,"column":86}}],"line":74},"10":{"loc":{"start":{"line":88,"column":6},"end":{"line":99,"column":7}},"type":"if","locations":[{"start":{"line":88,"column":6},"end":{"line":99,"column":7}},{"start":{},"end":{}}],"line":88},"11":{"loc":{"start":{"line":110,"column":2},"end":{"line":112,"column":3}},"type":"if","locations":[{"start":{"line":110,"column":2},"end":{"line":112,"column":3}},{"start":{},"end":{}}],"line":110},"12":{"loc":{"start":{"line":110,"column":6},"end":{"line":110,"column":43}},"type":"binary-expr","locations":[{"start":{"line":110,"column":6},"end":{"line":110,"column":14}},{"start":{"line":110,"column":18},"end":{"line":110,"column":43}}],"line":110},"13":{"loc":{"start":{"line":122,"column":2},"end":{"line":124,"column":3}},"type":"if","locations":[{"start":{"line":122,"column":2},"end":{"line":124,"column":3}},{"start":{},"end":{}}],"line":122},"14":{"loc":{"start":{"line":152,"column":2},"end":{"line":154,"column":3}},"type":"if","locations":[{"start":{"line":152,"column":2},"end":{"line":154,"column":3}},{"start":{},"end":{}}],"line":152},"15":{"loc":{"start":{"line":161,"column":44},"end":{"line":161,"column":105}},"type":"binary-expr","locations":[{"start":{"line":161,"column":44},"end":{"line":161,"column":76}},{"start":{"line":161,"column":80},"end":{"line":161,"column":105}}],"line":161},"16":{"loc":{"start":{"line":180,"column":2},"end":{"line":182,"column":3}},"type":"if","locations":[{"start":{"line":180,"column":2},"end":{"line":182,"column":3}},{"start":{},"end":{}}],"line":180},"17":{"loc":{"start":{"line":196,"column":2},"end":{"line":198,"column":3}},"type":"if","locations":[{"start":{"line":196,"column":2},"end":{"line":198,"column":3}},{"start":{},"end":{}}],"line":196},"18":{"loc":{"start":{"line":196,"column":6},"end":{"line":196,"column":43}},"type":"binary-expr","locations":[{"start":{"line":196,"column":6},"end":{"line":196,"column":14}},{"start":{"line":196,"column":18},"end":{"line":196,"column":43}}],"line":196},"19":{"loc":{"start":{"line":200,"column":15},"end":{"line":200,"column":48}},"type":"binary-expr","locations":[{"start":{"line":200,"column":15},"end":{"line":200,"column":43}},{"start":{"line":200,"column":47},"end":{"line":200,"column":48}}],"line":200},"20":{"loc":{"start":{"line":201,"column":25},"end":{"line":201,"column":60}},"type":"binary-expr","locations":[{"start":{"line":201,"column":25},"end":{"line":201,"column":54}},{"start":{"line":201,"column":58},"end":{"line":201,"column":60}}],"line":201},"21":{"loc":{"start":{"line":221,"column":2},"end":{"line":223,"column":3}},"type":"if","locations":[{"start":{"line":221,"column":2},"end":{"line":223,"column":3}},{"start":{},"end":{}}],"line":221}},"s":{"0":23,"1":23,"2":23,"3":23,"4":23,"5":23,"6":12,"7":12,"8":12,"9":12,"10":12,"11":12,"12":12,"13":12,"14":12,"15":3,"16":0,"17":3,"18":3,"19":3,"20":0,"21":12,"22":3,"23":3,"24":2,"25":12,"26":12,"27":1,"28":0,"29":1,"30":1,"31":1,"32":1,"33":1,"34":1,"35":0,"36":0,"37":0,"38":0,"39":12,"40":1,"41":1,"42":1,"43":0,"44":23,"45":4,"46":4,"47":4,"48":23,"49":2,"50":2,"51":1,"52":1,"53":23,"54":6,"55":6,"56":6,"57":23,"58":3,"59":3,"60":1,"61":2,"62":2,"63":2,"64":2,"65":2,"66":23,"67":3,"68":3,"69":1,"70":2,"71":2,"72":23,"73":8,"74":8,"75":8,"76":8,"77":8,"78":8,"79":8,"80":8,"81":8,"82":23,"83":3,"84":3,"85":0,"86":3,"87":3,"88":3,"89":23,"90":3,"91":3},"f":{"0":12,"1":3,"2":1,"3":4,"4":2,"5":6,"6":3,"7":2,"8":3,"9":8,"10":3,"11":3},"b":{"0":[0,3],"1":[3,0],"2":[3,3],"3":[2,1],"4":[0,1],"5":[1,0],"6":[1,0],"7":[1,1],"8":[0,0],"9":[0,0],"10":[1,0],"11":[4,0],"12":[4,4],"13":[1,1],"14":[1,2],"15":[2,0],"16":[1,2],"17":[8,0],"18":[8,8],"19":[8,7],"20":[8,7],"21":[0,3]},"_coverageSchema":"1a1c01bbd47fc00a2c39e90264f33305004495a9","hash":"3c8777a788c1f9a56b8efacbb9f240e50953ee0e"}
[...]
,"C:\\Users\\sujan\\Downloads\\CRM-RE-changes\\CRM-RE-changes\\backend\\utils\\errorResponse.js": {"path":"C:\\Users\\sujan\\Downloads\\CRM-RE-changes\\CRM-RE-changes\\backend\\utils\\errorResponse.js","statementMap":{"0":{"start":{"line":3,"column":4},"end":{"line":3,"column":19}},"1":{"start":{"line":4,"column":4},"end":{"line":4,"column":33}},"2":{"start":{"line":8,"column":0},"end":{"line":8,"column":31}}},"fnMap":{"0":{"name":"(anonymous_0)","decl":{"start":{"line":2,"column":2},"end":{"line":2,"column":3}},"loc":{"start":{"line":2,"column":35},"end":{"line":5,"column":3}},"line":2}},"branchMap":{},"s":{"0":100,"1":100,"2":26},"f":{"0":100},"b":{},"_coverageSchema":"1a1c01bbd47fc00a2c39e90264f33305004495a9","hash":"b49356cb191ab0d0369a0b274e5116a3ea3528f9"}
,"C:\\Users\\sujan\\Downloads\\CRM-RE-changes\\CRM-RE-changes\\backend\\utils\\fcm.js": {"path":"C:\\Users\\sujan\\Downloads\\CRM-RE-changes\\CRM-RE-changes\\backend\\utils\\fcm.js","statementMap":{"0":{"start":{"line":1,"column":14},"end":{"line":1,"column":39}},"1":{"start":{"line":2,"column":25},"end":{"line":2,"column":60}},"2":{"start":{"line":3,"column":11},"end":{"line":3,"column":24}},"3":{"start":{"line":4,"column":13},"end":{"line":4,"column":28}},"4":{"start":{"line":5,"column":13},"end":{"line":5,"column":38}},"5":{"start":{"line":6,"column":15},"end":{"line":6,"column":34}},"6":{"start":{"line":8,"column":24},"end":{"line":8,"column":28}},"7":{"start":{"line":10,"column":0},"end":{"line":40,"column":1}},"8":{"start":{"line":11,"column":23},"end":{"line":11,"column":27}},"9":{"start":{"line":14,"column":21},"end":{"line":14,"column":90}},"10":{"start":{"line":15,"column":2},"end":{"line":27,"column":3}},"11":{"start":{"line":16,"column":4},"end":{"line":16,"column":41}},"12":{"start":{"line":17,"column":4},"end":{"line":17,"column":79}},"13":{"start":{"line":20,"column":7},"end":{"line":27,"column":3}},"14":{"start":{"line":21,"column":4},"end":{"line":26,"column":5}},"15":{"start":{"line":22,"column":6},"end":{"line":22,"column":72}},"16":{"start":{"line":23,"column":6},"end":{"line":23,"column":91}},"17":{"start":{"line":25,"column":6},"end":{"line":25,"column":94}},"18":{"start":{"line":29,"column":2},"end":{"line":37,"column":3}},"19":{"start":{"line":30,"column":4},"end":{"line":32,"column":7}},"20":{"start":{"line":33,"column":4},"end":{"line":33,"column":39}},"21":{"start":{"line":34,"column":4},"end":{"line":34,"column":65}},"22":{"start":{"line":36,"column":4},"end":{"line":36,"column":97}},"23":{"start":{"line":39,"column":2},"end":{"line":39,"column":60}},"24":{"start":{"line":47,"column":0},"end":{"line":107,"column":2}},"25":{"start":{"line":48,"column":2},"end":{"line":106,"column":3}},"26":{"start":{"line":49,"column":4},"end":{"line":49,"column":24}},"27":{"start":{"line":49,"column":17},"end":{"line":49,"column":24}},"28":{"start":{"line":50,"column":17},"end":{"line":50,"column":44}},"29":{"start":{"line":51,"column":4},"end":{"line":53,"column":5}},"30":{"start":{"line":52,"column":6},"end":{"line":52,"column":13}},"31":{"start":{"line":55,"column":19},"end":{"line":55,"column":52}},"32":{"start":{"line":55,"column":44},"end":{"line":55,"column":51}},"33":{"start":{"line":58,"column":4},"end":{"line":62,"column":5}},"34":{"start":{"line":59,"column":6},"end":{"line":59,"column":83}},"35":{"start":{"line":60,"column":6},"end":{"line":60,"column":74}},"36":{"start":{"line":61,"column":6},"end":{"line":61,"column":13}},"37":{"start":{"line":65,"column":28},"end":{"line":65,"column":30}},"38":{"start":{"line":66,"column":4},"end":{"line":70,"column":5}},"39":{"start":{"line":67,"column":6},"end":{"line":69,"column":9}},"40":{"start":{"line":68,"column":8},"end":{"line":68,"column":49}},"41":{"start":{"line":72,"column":20},"end":{"line":76,"column":5}},"42":{"start":{"line":78,"column":4},"end":{"line":78,"column":100}},"43":{"start":{"line":79,"column":21},"end":{"line":79,"column":74}},"44":{"start":{"line":82,"column":4},"end":{"line":103,"column":5}},"45":{"start":{"line":83,"column":29},"end":{"line":83,"column":31}},"46":{"start":{"line":84,"column":6},"end":{"line":96,"column":9}},"47":{"start":{"line":85,"column":8},"end":{"line":95,"column":9}},"48":{"start":{"line":86,"column":28},"end":{"line":86,"column":44}},"49":{"start":{"line":87,"column":10},"end":{"line":93,"column":11}},"50":{"start":{"line":92,"column":12},"end":{"line":92,"column":45}},"51":{"start":{"line":94,"column":10},"end":{"line":94,"column":110}},"52":{"start":{"line":98,"column":6},"end":{"line":102,"column":7}},"53":{"start":{"line":99,"column":8},"end":{"line":99,"column":108}},"54":{"start":{"line":100,"column":8},"end":{"line":100,"column":89}},"55":{"start":{"line":100,"column":54},"end":{"line":100,"column":87}},"56":{"start":{"line":101,"column":8},"end":{"line":101,"column":26}},"57":{"start":{"line":105,"column":4},"end":{"line":105,"column":65}}},"fnMap":{"0":{"name":"(anonymous_0)","decl":{"start":{"line":47,"column":25},"end":{"line":47,"column":26}},"loc":{"start":{"line":47,"column":66},"end":{"line":107,"column":1}},"line":47},"1":{"name":"(anonymous_1)","decl":{"start":{"line":55,"column":39},"end":{"line":55,"column":40}},"loc":{"start":{"line":55,"column":44},"end":{"line":55,"column":51}},"line":55},"2":{"name":"(anonymous_2)","decl":{"start":{"line":67,"column":32},"end":{"line":67,"column":33}},"loc":{"start":{"line":67,"column":39},"end":{"line":69,"column":7}},"line":67},"3":{"name":"(anonymous_3)","decl":{"start":{"line":84,"column":33},"end":{"line":84,"column":34}},"loc":{"start":{"line":84,"column":48},"end":{"line":96,"column":7}},"line":84},"4":{"name":"(anonymous_4)","decl":{"start":{"line":100,"column":49},"end":{"line":100,"column":50}},"loc":{"start":{"line":100,"column":54},"end":{"line":100,"column":87}},"line":100}},"branchMap":{"0":{"loc":{"start":{"line":15,"column":2},"end":{"line":27,"column":3}},"type":"if","locations":[{"start":{"line":15,"column":2},"end":{"line":27,"column":3}},{"start":{"line":20,"column":7},"end":{"line":27,"column":3}}],"line":15},"1":{"loc":{"start":{"line":20,"column":7},"end":{"line":27,"column":3}},"type":"if","locations":[{"start":{"line":20,"column":7},"end":{"line":27,"column":3}},{"start":{},"end":{}}],"line":20},"2":{"loc":{"start":{"line":29,"column":2},"end":{"line":37,"column":3}},"type":"if","locations":[{"start":{"line":29,"column":2},"end":{"line":37,"column":3}},{"start":{"line":35,"column":9},"end":{"line":37,"column":3}}],"line":29},"3":{"loc":{"start":{"line":49,"column":4},"end":{"line":49,"column":24}},"type":"if","locations":[{"start":{"line":49,"column":4},"end":{"line":49,"column":24}},{"start":{},"end":{}}],"line":49},"4":{"loc":{"start":{"line":51,"column":4},"end":{"line":53,"column":5}},"type":"if","locations":[{"start":{"line":51,"column":4},"end":{"line":53,"column":5}},{"start":{},"end":{}}],"line":51},"5":{"loc":{"start":{"line":51,"column":8},"end":{"line":51,"column":65}},"type":"binary-expr","locations":[{"start":{"line":51,"column":8},"end":{"line":51,"column":13}},{"start":{"line":51,"column":17},"end":{"line":51,"column":33}},{"start":{"line":51,"column":37},"end":{"line":51,"column":65}}],"line":51},"6":{"loc":{"start":{"line":58,"column":4},"end":{"line":62,"column":5}},"type":"if","locations":[{"start":{"line":58,"column":4},"end":{"line":62,"column":5}},{"start":{},"end":{}}],"line":58},"7":{"loc":{"start":{"line":66,"column":4},"end":{"line":70,"column":5}},"type":"if","locations":[{"start":{"line":66,"column":4},"end":{"line":70,"column":5}},{"start":{},"end":{}}],"line":66},"8":{"loc":{"start":{"line":82,"column":4},"end":{"line":103,"column":5}},"type":"if","locations":[{"start":{"line":82,"column":4},"end":{"line":103,"column":5}},{"start":{},"end":{}}],"line":82},"9":{"loc":{"start":{"line":85,"column":8},"end":{"line":95,"column":9}},"type":"if","locations":[{"start":{"line":85,"column":8},"end":{"line":95,"column":9}},{"start":{},"end":{}}],"line":85},"10":{"loc":{"start":{"line":87,"column":10},"end":{"line":93,"column":11}},"type":"if","locations":[{"start":{"line":87,"column":10},"end":{"line":93,"column":11}},{"start":{},"end":{}}],"line":87},"11":{"loc":{"start":{"line":88,"column":12},"end":{"line":90,"column":64}},"type":"binary-expr","locations":[{"start":{"line":88,"column":12},"end":{"line":88,"column":71}},{"start":{"line":89,"column":12},"end":{"line":89,"column":54}},{"start":{"line":90,"column":12},"end":{"line":90,"column":64}}],"line":88},"12":{"loc":{"start":{"line":98,"column":6},"end":{"line":102,"column":7}},"type":"if","locations":[{"start":{"line":98,"column":6},"end":{"line":102,"column":7}},{"start":{},"end":{}}],"line":98}},"s":{"0":25,"1":25,"2":25,"3":25,"4":25,"5":25,"6":25,"7":25,"8":25,"9":25,"10":25,"11":25,"12":25,"13":0,"14":0,"15":0,"16":0,"17":0,"18":25,"19":25,"20":25,"21":25,"22":0,"23":0,"24":25,"25":0,"26":0,"27":0,"28":0,"29":0,"30":0,"31":0,"32":0,"33":0,"34":0,"35":0,"36":0,"37":0,"38":0,"39":0,"40":0,"41":0,"42":0,"43":0,"44":0,"45":0,"46":0,"47":0,"48":0,"49":0,"50":0,"51":0,"52":0,"53":0,"54":0,"55":0,"56":0,"57":0},"f":{"0":0,"1":0,"2":0,"3":0,"4":0},"b":{"0":[25,0],"1":[0,0],"2":[25,0],"3":[0,0],"4":[0,0],"5":[0,0,0],"6":[0,0],"7":[0,0],"8":[0,0],"9":[0,0],"10":[0,0],"11":[0,0,0],"12":[0,0]},"_coverageSchema":"1a1c01bbd47fc00a2c39e90264f33305004495a9","hash":"3d556320f2468c4ba5af4212a3dd7b009ebe1434"}
,"C:\\Users\\sujan\\Downloads\\CRM-RE-changes\\CRM-RE-changes\\backend\\utils\\logger.js": {"path":"C:\\Users\\sujan\\Downloads\\CRM-RE-changes\\CRM-RE-changes\\backend\\utils\\logger.js","statementMap":{"0":{"start":{"line":1,"column":45},"end":{"line":1,"column":63}},"1":{"start":{"line":2,"column":46},"end":{"line":2,"column":52}},"2":{"start":{"line":5,"column":21},"end":{"line":7,"column":2}},"3":{"start":{"line":6,"column":2},"end":{"line":6,"column":56}},"4":{"start":{"line":10,"column":15},"end":{"line":24,"column":2}},"5":{"start":{"line":28,"column":0},"end":{"line":28,"column":24}}},"fnMap":{"0":{"name":"(anonymous_0)","decl":{"start":{"line":5,"column":28},"end":{"line":5,"column":29}},"loc":{"start":{"line":5,"column":70},"end":{"line":7,"column":1}},"line":5}},"branchMap":{"0":{"loc":{"start":{"line":11,"column":9},"end":{"line":11,"column":65}},"type":"cond-expr","locations":[{"start":{"line":11,"column":49},"end":{"line":11,"column":55}},{"start":{"line":11,"column":58},"end":{"line":11,"column":65}}],"line":11}},"s":{"0":39,"1":39,"2":39,"3":143,"4":39,"5":39},"f":{"0":143},"b":{"0":[0,39]},"_coverageSchema":"1a1c01bbd47fc00a2c39e90264f33305004495a9","hash":"d9e9e44ab503a123afaa0fd34515ade1ec3206de"}
,"C:\\Users\\sujan\\Downloads\\CRM-RE-changes\\CRM-RE-changes\\backend\\utils\\validation.js": {"path":"C:\\Users\\sujan\\Downloads\\CRM-RE-changes\\CRM-RE-changes\\backend\\utils\\validation.js","statementMap":{"0":{"start":{"line":8,"column":21},"end":{"line":11,"column":1}},"1":{"start":{"line":9,"column":21},"end":{"line":9,"column":66}},"2":{"start":{"line":10,"column":2},"end":{"line":10,"column":32}},"3":{"start":{"line":18,"column":21},"end":{"line":22,"column":1}},"4":{"start":{"line":20,"column":21},"end":{"line":20,"column":82}},"5":{"start":{"line":21,"column":2},"end":{"line":21,"column":32}},"6":{"start":{"line":29,"column":25},"end":{"line":65,"column":1}},"7":{"start":{"line":30,"column":2},"end":{"line":35,"column":3}},"8":{"start":{"line":31,"column":4},"end":{"line":34,"column":6}},"9":{"start":{"line":38,"column":2},"end":{"line":43,"column":3}},"10":{"start":{"line":39,"column":4},"end":{"line":42,"column":6}},"11":{"start":{"line":46,"column":2},"end":{"line":51,"column":3}},"12":{"start":{"line":47,"column":4},"end":{"line":50,"column":6}},"13":{"start":{"line":54,"column":2},"end":{"line":59,"column":3}},"14":{"start":{"line":55,"column":4},"end":{"line":58,"column":6}},"15":{"start":{"line":61,"column":2},"end":{"line":64,"column":4}},"16":{"start":{"line":72,"column":19},"end":{"line":79,"column":1}},"17":{"start":{"line":73,"column":2},"end":{"line":78,"column":3}},"18":{"start":{"line":74,"column":4},"end":{"line":74,"column":17}},"19":{"start":{"line":75,"column":4},"end":{"line":75,"column":16}},"20":{"start":{"line":77,"column":4},"end":{"line":77,"column":17}},"21":{"start":{"line":81,"column":0},"end":{"line":86,"column":2}}},"fnMap":{"0":{"name":"(anonymous_0)","decl":{"start":{"line":8,"column":21},"end":{"line":8,"column":22}},"loc":{"start":{"line":8,"column":32},"end":{"line":11,"column":1}},"line":8},"1":{"name":"(anonymous_1)","decl":{"start":{"line":18,"column":21},"end":{"line":18,"column":22}},"loc":{"start":{"line":18,"column":32},"end":{"line":22,"column":1}},"line":18},"2":{"name":"(anonymous_2)","decl":{"start":{"line":29,"column":25},"end":{"line":29,"column":26}},"loc":{"start":{"line":29,"column":39},"end":{"line":65,"column":1}},"line":29},"3":{"name":"(anonymous_3)","decl":{"start":{"line":72,"column":19},"end":{"line":72,"column":20}},"loc":{"start":{"line":72,"column":28},"end":{"line":79,"column":1}},"line":72}},"branchMap":{"0":{"loc":{"start":{"line":30,"column":2},"end":{"line":35,"column":3}},"type":"if","locations":[{"start":{"line":30,"column":2},"end":{"line":35,"column":3}},{"start":{},"end":{}}],"line":30},"1":{"loc":{"start":{"line":38,"column":2},"end":{"line":43,"column":3}},"type":"if","locations":[{"start":{"line":38,"column":2},"end":{"line":43,"column":3}},{"start":{},"end":{}}],"line":38},"2":{"loc":{"start":{"line":46,"column":2},"end":{"line":51,"column":3}},"type":"if","locations":[{"start":{"line":46,"column":2},"end":{"line":51,"column":3}},{"start":{},"end":{}}],"line":46},"3":{"loc":{"start":{"line":54,"column":2},"end":{"line":59,"column":3}},"type":"if","locations":[{"start":{"line":54,"column":2},"end":{"line":59,"column":3}},{"start":{},"end":{}}],"line":54}},"s":{"0":1,"1":6,"2":6,"3":1,"4":5,"5":5,"6":1,"7":5,"8":1,"9":4,"10":1,"11":3,"12":1,"13":2,"14":1,"15":1,"16":1,"17":4,"18":4,"19":2,"20":2,"21":1},"f":{"0":6,"1":5,"2":5,"3":4},"b":{"0":[1,4],"1":[1,3],"2":[1,2],"3":[1,1]},"_coverageSchema":"1a1c01bbd47fc00a2c39e90264f33305004495a9","hash":"6b889561bef0f7582d050f1f81a1c9a972c99044"}
,"C:\\Users\\sujan\\Downloads\\CRM-RE-changes\\CRM-RE-changes\\backend\\validators\\authValidators.js": {"path":"C:\\Users\\sujan\\Downloads\\CRM-RE-changes\\CRM-RE-changes\\backend\\validators\\authValidators.js","statementMap":{"0":{"start":{"line":1,"column":17},"end":{"line":1,"column":45}},"1":{"start":{"line":3,"column":0},"end":{"line":7,"column":2}},"2":{"start":{"line":9,"column":0},"end":{"line":12,"column":2}},"3":{"start":{"line":14,"column":0},"end":{"line":16,"column":2}},"4":{"start":{"line":18,"column":0},"end":{"line":21,"column":2}},"5":{"start":{"line":23,"column":0},"end":{"line":26,"column":2}}},"fnMap":{},"branchMap":{},"s":{"0":23,"1":23,"2":23,"3":23,"4":23,"5":23},"f":{},"b":{},"_coverageSchema":"1a1c01bbd47fc00a2c39e90264f33305004495a9","hash":"f91427cbc3e45985ebf010df062be8e91243a2d8"}
,"C:\\Users\\sujan\\Downloads\\CRM-RE-changes\\CRM-RE-changes\\backend\\validators\\channelPartnerValidators.js": {"path":"C:\\Users\\sujan\\Downloads\\CRM-RE-changes\\CRM-RE-changes\\backend\\validators\\channelPartnerValidators.js","statementMap":{"0":{"start":{"line":1,"column":17},"end":{"line":1,"column":45}},"1":{"start":{"line":3,"column":0},"end":{"line":7,"column":2}}},"fnMap":{},"branchMap":{},"s":{"0":23,"1":23},"f":{},"b":{},"_coverageSchema":"1a1c01bbd47fc00a2c39e90264f33305004495a9","hash":"510f77065553d74052330915bfdb5d08e482ff3d"}
,"C:\\Users\\sujan\\Downloads\\CRM-RE-changes\\CRM-RE-changes\\backend\\validators\\leadValidators.js": {"path":"C:\\Users\\sujan\\Downloads\\CRM-RE-changes\\CRM-RE-changes\\backend\\validators\\leadValidators.js","statementMap":{"0":{"start":{"line":1,"column":17},"end":{"line":1,"column":45}},"1":{"start":{"line":3,"column":0},"end":{"line":8,"column":2}}},"fnMap":{},"branchMap":{},"s":{"0":23,"1":23},"f":{},"b":{},"_coverageSchema":"1a1c01bbd47fc00a2c39e90264f33305004495a9","hash":"f4f9bef6e9f8a7960a3072354193193ef0f6ef23"}
,"C:\\Users\\sujan\\Downloads\\CRM-RE-changes\\CRM-RE-changes\\backend\\validators\\projectValidators.js": {"path":"C:\\Users\\sujan\\Downloads\\CRM-RE-changes\\CRM-RE-changes\\backend\\validators\\projectValidators.js","statementMap":{"0":{"start":{"line":1,"column":17},"end":{"line":1,"column":45}},"1":{"start":{"line":3,"column":0},"end":{"line":7,"column":2}},"2":{"start":{"line":9,"column":0},"end":{"line":12,"column":2}}},"fnMap":{},"branchMap":{},"s":{"0":23,"1":23,"2":23},"f":{},"b":{},"_coverageSchema":"1a1c01bbd47fc00a2c39e90264f33305004495a9","hash":"349dfa2d65d68cd40c96d3711b3d4ad36fb9a99f"}
,"C:\\Users\\sujan\\Downloads\\CRM-RE-changes\\CRM-RE-changes\\backend\\validators\\userValidators.js": {"path":"C:\\Users\\sujan\\Downloads\\CRM-RE-changes\\CRM-RE-changes\\backend\\validators\\userValidators.js","statementMap":{"0":{"start":{"line":1,"column":17},"end":{"line":1,"column":45}},"1":{"start":{"line":3,"column":0},"end":{"line":8,"column":2}},"2":{"start":{"line":10,"column":0},"end":{"line":14,"column":2}}},"fnMap":{},"branchMap":{},"s":{"0":23,"1":23,"2":23},"f":{},"b":{},"_coverageSchema":"1a1c01bbd47fc00a2c39e90264f33305004495a9","hash":"e304e6da5f3dd5f7674a8b0c0bf9ba76288422cc"}
,"C:\\Users\\sujan\\Downloads\\CRM-RE-changes\\CRM-RE-changes\\backend\\validators\\validate.js": {"path":"C:\\Users\\sujan\\Downloads\\CRM-RE-changes\\CRM-RE-changes\\backend\\validators\\validate.js","statementMap":{"0":{"start":{"line":1,"column":29},"end":{"line":1,"column":57}},"1":{"start":{"line":2,"column":22},"end":{"line":2,"column":55}},"2":{"start":{"line":4,"column":17},"end":{"line":11,"column":1}},"3":{"start":{"line":5,"column":17},"end":{"line":5,"column":38}},"4":{"start":{"line":6,"column":2},"end":{"line":9,"column":3}},"5":{"start":{"line":7,"column":20},"end":{"line":7,"column":63}},"6":{"start":{"line":7,"column":46},"end":{"line":7,"column":51}},"7":{"start":{"line":8,"column":4},"end":{"line":8,"column":49}},"8":{"start":{"line":10,"column":2},"end":{"line":10,"column":9}},"9":{"start":{"line":13,"column":0},"end":{"line":13,"column":26}}},"fnMap":{"0":{"name":"(anonymous_0)","decl":{"start":{"line":4,"column":17},"end":{"line":4,"column":18}},"loc":{"start":{"line":4,"column":37},"end":{"line":11,"column":1}},"line":4},"1":{"name":"(anonymous_1)","decl":{"start":{"line":7,"column":39},"end":{"line":7,"column":40}},"loc":{"start":{"line":7,"column":46},"end":{"line":7,"column":51}},"line":7}},"branchMap":{"0":{"loc":{"start":{"line":6,"column":2},"end":{"line":9,"column":3}},"type":"if","locations":[{"start":{"line":6,"column":2},"end":{"line":9,"column":3}},{"start":{},"end":{}}],"line":6}},"s":{"0":23,"1":23,"2":23,"3":83,"4":83,"5":11,"6":17,"7":11,"8":72,"9":23},"f":{"0":83,"1":17},"b":{"0":[11,72]},"_coverageSchema":"1a1c01bbd47fc00a2c39e90264f33305004495a9","hash":"bb60fd8a160e25aa735e638b52236dd1deb1776a"}
}
