{"total": {"lines":{"total":1218,"covered":1109,"skipped":0,"pct":91.05},"statements":{"total":1259,"covered":1143,"skipped":0,"pct":90.78},"functions":{"total":148,"covered":139,"skipped":0,"pct":93.91},"branches":{"total":473,"covered":368,"skipped":0,"pct":77.8},"branchesTrue":{"total":0,"covered":0,"skipped":0,"pct":100}}
,"C:\\Users\\sujan\\Downloads\\CRM-RE-changes\\CRM-RE-changes\\backend\\config\\db.js": {"lines":{"total":37,"covered":32,"skipped":0,"pct":86.48},"functions":{"total":5,"covered":4,"skipped":0,"pct":80},"statements":{"total":39,"covered":33,"skipped":0,"pct":84.61},"branches":{"total":33,"covered":29,"skipped":0,"pct":87.87}}
,"C:\\Users\\sujan\\Downloads\\CRM-RE-changes\\CRM-RE-changes\\backend\\controllers\\activityLogController.js": {"lines":{"total":42,"covered":42,"skipped":0,"pct":100},"functions":{"total":7,"covered":7,"skipped":0,"pct":100},"statements":{"total":42,"covered":42,"skipped":0,"pct":100},"branches":{"total":16,"covered":16,"skipped":0,"pct":100}}
,"C:\\Users\\sujan\\Downloads\\CRM-RE-changes\\CRM-RE-changes\\backend\\controllers\\attendanceController.js": {"lines":{"total":52,"covered":52,"skipped":0,"pct":100},"functions":{"total":9,"covered":9,"skipped":0,"pct":100},"statements":{"total":53,"covered":53,"skipped":0,"pct":100},"branches":{"total":20,"covered":20,"skipped":0,"pct":100}}
,"C:\\Users\\sujan\\Downloads\\CRM-RE-changes\\CRM-RE-changes\\backend\\controllers\\authController.js": {"lines":{"total":105,"covered":84,"skipped":0,"pct":80},"functions":{"total":11,"covered":11,"skipped":0,"pct":100},"statements":{"total":112,"covered":90,"skipped":0,"pct":80.35},"branches":{"total":48,"covered":38,"skipped":0,"pct":79.16}}
,"C:\\Users\\sujan\\Downloads\\CRM-RE-changes\\CRM-RE-changes\\backend\\controllers\\channelPartnerController.js": {"lines":{"total":45,"covered":39,"skipped":0,"pct":86.66},"functions":{"total":9,"covered":8,"skipped":0,"pct":88.88},"statements":{"total":47,"covered":41,"skipped":0,"pct":87.23},"branches":{"total":18,"covered":14,"skipped":0,"pct":77.77}}
,"C:\\Users\\sujan\\Downloads\\CRM-RE-changes\\CRM-RE-changes\\backend\\controllers\\groupController.js": {"lines":{"total":51,"covered":44,"skipped":0,"pct":86.27},"functions":{"total":8,"covered":8,"skipped":0,"pct":100},"statements":{"total":52,"covered":45,"skipped":0,"pct":86.53},"branches":{"total":18,"covered":11,"skipped":0,"pct":61.11}}
,"C:\\Users\\sujan\\Downloads\\CRM-RE-changes\\CRM-RE-changes\\backend\\controllers\\leadController.js": {"lines":{"total":53,"covered":53,"skipped":0,"pct":100},"functions":{"total":10,"covered":10,"skipped":0,"pct":100},"statements":{"total":55,"covered":55,"skipped":0,"pct":100},"branches":{"total":22,"covered":22,"skipped":0,"pct":100}}
,"C:\\Users\\sujan\\Downloads\\CRM-RE-changes\\CRM-RE-changes\\backend\\controllers\\notificationController.js": {"lines":{"total":88,"covered":81,"skipped":0,"pct":92.04},"functions":{"total":12,"covered":12,"skipped":0,"pct":100},"statements":{"total":92,"covered":83,"skipped":0,"pct":90.21},"branches":{"total":44,"covered":30,"skipped":0,"pct":68.18}}
,"C:\\Users\\sujan\\Downloads\\CRM-RE-changes\\CRM-RE-changes\\backend\\controllers\\plotController.js": {"lines":{"total":102,"covered":99,"skipped":0,"pct":97.05},"functions":{"total":13,"covered":13,"skipped":0,"pct":100},"statements":{"total":105,"covered":102,"skipped":0,"pct":97.14},"branches":{"total":64,"covered":58,"skipped":0,"pct":90.62}}
,"C:\\Users\\sujan\\Downloads\\CRM-RE-changes\\CRM-RE-changes\\backend\\controllers\\projectController.js": {"lines":{"total":56,"covered":56,"skipped":0,"pct":100},"functions":{"total":9,"covered":9,"skipped":0,"pct":100},"statements":{"total":59,"covered":59,"skipped":0,"pct":100},"branches":{"total":26,"covered":21,"skipped":0,"pct":80.76}}
,"C:\\Users\\sujan\\Downloads\\CRM-RE-changes\\CRM-RE-changes\\backend\\controllers\\taskController.js": {"lines":{"total":74,"covered":61,"skipped":0,"pct":82.43},"functions":{"total":10,"covered":9,"skipped":0,"pct":90},"statements":{"total":75,"covered":62,"skipped":0,"pct":82.66},"branches":{"total":40,"covered":26,"skipped":0,"pct":65}}
,"C:\\Users\\sujan\\Downloads\\CRM-RE-changes\\CRM-RE-changes\\backend\\controllers\\userController.js": {"lines":{"total":33,"covered":27,"skipped":0,"pct":81.81},"functions":{"total":7,"covered":6,"skipped":0,"pct":85.71},"statements":{"total":35,"covered":29,"skipped":0,"pct":82.85},"branches":{"total":10,"covered":6,"skipped":0,"pct":60}}
,"C:\\Users\\sujan\\Downloads\\CRM-RE-changes\\CRM-RE-changes\\backend\\middleware\\advancedResults.js": {"lines":{"total":41,"covered":39,"skipped":0,"pct":95.12},"functions":{"total":5,"covered":5,"skipped":0,"pct":100},"statements":{"total":45,"covered":43,"skipped":0,"pct":95.55},"branches":{"total":20,"covered":19,"skipped":0,"pct":95}}
,"C:\\Users\\sujan\\Downloads\\CRM-RE-changes\\CRM-RE-changes\\backend\\middleware\\async.js": {"lines":{"total":3,"covered":3,"skipped":0,"pct":100},"functions":{"total":2,"covered":2,"skipped":0,"pct":100},"statements":{"total":4,"covered":4,"skipped":0,"pct":100},"branches":{"total":0,"covered":0,"skipped":0,"pct":100}}
,"C:\\Users\\sujan\\Downloads\\CRM-RE-changes\\CRM-RE-changes\\backend\\middleware\\auth.js": {"lines":{"total":21,"covered":21,"skipped":0,"pct":100},"functions":{"total":3,"covered":3,"skipped":0,"pct":100},"statements":{"total":21,"covered":21,"skipped":0,"pct":100},"branches":{"total":10,"covered":10,"skipped":0,"pct":100}}
,"C:\\Users\\sujan\\Downloads\\CRM-RE-changes\\CRM-RE-changes\\backend\\middleware\\error.js": {"lines":{"total":23,"covered":23,"skipped":0,"pct":100},"functions":{"total":2,"covered":2,"skipped":0,"pct":100},"statements":{"total":25,"covered":25,"skipped":0,"pct":100},"branches":{"total":20,"covered":17,"skipped":0,"pct":85}}
,"C:\\Users\\sujan\\Downloads\\CRM-RE-changes\\CRM-RE-changes\\backend\\models\\ActivityLog.js": {"lines":{"total":5,"covered":5,"skipped":0,"pct":100},"functions":{"total":0,"covered":0,"skipped":0,"pct":100},"statements":{"total":5,"covered":5,"skipped":0,"pct":100},"branches":{"total":0,"covered":0,"skipped":0,"pct":100}}
,"C:\\Users\\sujan\\Downloads\\CRM-RE-changes\\CRM-RE-changes\\backend\\models\\Attendance.js": {"lines":{"total":4,"covered":4,"skipped":0,"pct":100},"functions":{"total":0,"covered":0,"skipped":0,"pct":100},"statements":{"total":4,"covered":4,"skipped":0,"pct":100},"branches":{"total":0,"covered":0,"skipped":0,"pct":100}}
,"C:\\Users\\sujan\\Downloads\\CRM-RE-changes\\CRM-RE-changes\\backend\\models\\ChannelPartner.js": {"lines":{"total":5,"covered":5,"skipped":0,"pct":100},"functions":{"total":0,"covered":0,"skipped":0,"pct":100},"statements":{"total":5,"covered":5,"skipped":0,"pct":100},"branches":{"total":0,"covered":0,"skipped":0,"pct":100}}
,"C:\\Users\\sujan\\Downloads\\CRM-RE-changes\\CRM-RE-changes\\backend\\models\\Counter.js": {"lines":{"total":3,"covered":3,"skipped":0,"pct":100},"functions":{"total":0,"covered":0,"skipped":0,"pct":100},"statements":{"total":3,"covered":3,"skipped":0,"pct":100},"branches":{"total":0,"covered":0,"skipped":0,"pct":100}}
,"C:\\Users\\sujan\\Downloads\\CRM-RE-changes\\CRM-RE-changes\\backend\\models\\Group.js": {"lines":{"total":4,"covered":4,"skipped":0,"pct":100},"functions":{"total":0,"covered":0,"skipped":0,"pct":100},"statements":{"total":4,"covered":4,"skipped":0,"pct":100},"branches":{"total":0,"covered":0,"skipped":0,"pct":100}}
,"C:\\Users\\sujan\\Downloads\\CRM-RE-changes\\CRM-RE-changes\\backend\\models\\Lead.js": {"lines":{"total":8,"covered":8,"skipped":0,"pct":100},"functions":{"total":0,"covered":0,"skipped":0,"pct":100},"statements":{"total":8,"covered":8,"skipped":0,"pct":100},"branches":{"total":0,"covered":0,"skipped":0,"pct":100}}
,"C:\\Users\\sujan\\Downloads\\CRM-RE-changes\\CRM-RE-changes\\backend\\models\\Notification.js": {"lines":{"total":22,"covered":20,"skipped":0,"pct":90.9},"functions":{"total":2,"covered":2,"skipped":0,"pct":100},"statements":{"total":23,"covered":21,"skipped":0,"pct":91.3},"branches":{"total":15,"covered":9,"skipped":0,"pct":60}}
,"C:\\Users\\sujan\\Downloads\\CRM-RE-changes\\CRM-RE-changes\\backend\\models\\Plot.js": {"lines":{"total":5,"covered":5,"skipped":0,"pct":100},"functions":{"total":0,"covered":0,"skipped":0,"pct":100},"statements":{"total":5,"covered":5,"skipped":0,"pct":100},"branches":{"total":0,"covered":0,"skipped":0,"pct":100}}
,"C:\\Users\\sujan\\Downloads\\CRM-RE-changes\\CRM-RE-changes\\backend\\models\\Project.js": {"lines":{"total":7,"covered":7,"skipped":0,"pct":100},"functions":{"total":0,"covered":0,"skipped":0,"pct":100},"statements":{"total":7,"covered":7,"skipped":0,"pct":100},"branches":{"total":0,"covered":0,"skipped":0,"pct":100}}
,"C:\\Users\\sujan\\Downloads\\CRM-RE-changes\\CRM-RE-changes\\backend\\models\\Task.js": {"lines":{"total":7,"covered":7,"skipped":0,"pct":100},"functions":{"total":0,"covered":0,"skipped":0,"pct":100},"statements":{"total":7,"covered":7,"skipped":0,"pct":100},"branches":{"total":0,"covered":0,"skipped":0,"pct":100}}
,"C:\\Users\\sujan\\Downloads\\CRM-RE-changes\\CRM-RE-changes\\backend\\models\\User.js": {"lines":{"total":31,"covered":31,"skipped":0,"pct":100},"functions":{"total":5,"covered":5,"skipped":0,"pct":100},"statements":{"total":31,"covered":31,"skipped":0,"pct":100},"branches":{"total":6,"covered":6,"skipped":0,"pct":100}}
,"C:\\Users\\sujan\\Downloads\\CRM-RE-changes\\CRM-RE-changes\\backend\\models\\WhatsAppMessage.js": {"lines":{"total":3,"covered":3,"skipped":0,"pct":100},"functions":{"total":0,"covered":0,"skipped":0,"pct":100},"statements":{"total":3,"covered":3,"skipped":0,"pct":100},"branches":{"total":0,"covered":0,"skipped":0,"pct":100}}
,"C:\\Users\\sujan\\Downloads\\CRM-RE-changes\\CRM-RE-changes\\backend\\routes\\activityLogRoutes.js": {"lines":{"total":13,"covered":13,"skipped":0,"pct":100},"functions":{"total":0,"covered":0,"skipped":0,"pct":100},"statements":{"total":13,"covered":13,"skipped":0,"pct":100},"branches":{"total":0,"covered":0,"skipped":0,"pct":100}}
,"C:\\Users\\sujan\\Downloads\\CRM-RE-changes\\CRM-RE-changes\\backend\\routes\\attendanceRoutes.js": {"lines":{"total":12,"covered":12,"skipped":0,"pct":100},"functions":{"total":0,"covered":0,"skipped":0,"pct":100},"statements":{"total":12,"covered":12,"skipped":0,"pct":100},"branches":{"total":0,"covered":0,"skipped":0,"pct":100}}
,"C:\\Users\\sujan\\Downloads\\CRM-RE-changes\\CRM-RE-changes\\backend\\routes\\authRoutes.js": {"lines":{"total":18,"covered":18,"skipped":0,"pct":100},"functions":{"total":0,"covered":0,"skipped":0,"pct":100},"statements":{"total":18,"covered":18,"skipped":0,"pct":100},"branches":{"total":0,"covered":0,"skipped":0,"pct":100}}
,"C:\\Users\\sujan\\Downloads\\CRM-RE-changes\\CRM-RE-changes\\backend\\routes\\channelPartnerRoutes.js": {"lines":{"total":13,"covered":13,"skipped":0,"pct":100},"functions":{"total":0,"covered":0,"skipped":0,"pct":100},"statements":{"total":13,"covered":13,"skipped":0,"pct":100},"branches":{"total":0,"covered":0,"skipped":0,"pct":100}}
,"C:\\Users\\sujan\\Downloads\\CRM-RE-changes\\CRM-RE-changes\\backend\\routes\\groupRoutes.js": {"lines":{"total":12,"covered":12,"skipped":0,"pct":100},"functions":{"total":0,"covered":0,"skipped":0,"pct":100},"statements":{"total":12,"covered":12,"skipped":0,"pct":100},"branches":{"total":0,"covered":0,"skipped":0,"pct":100}}
,"C:\\Users\\sujan\\Downloads\\CRM-RE-changes\\CRM-RE-changes\\backend\\routes\\leadRoutes.js": {"lines":{"total":14,"covered":14,"skipped":0,"pct":100},"functions":{"total":0,"covered":0,"skipped":0,"pct":100},"statements":{"total":14,"covered":14,"skipped":0,"pct":100},"branches":{"total":0,"covered":0,"skipped":0,"pct":100}}
,"C:\\Users\\sujan\\Downloads\\CRM-RE-changes\\CRM-RE-changes\\backend\\routes\\notificationRoutes.js": {"lines":{"total":13,"covered":13,"skipped":0,"pct":100},"functions":{"total":1,"covered":1,"skipped":0,"pct":100},"statements":{"total":14,"covered":14,"skipped":0,"pct":100},"branches":{"total":0,"covered":0,"skipped":0,"pct":100}}
,"C:\\Users\\sujan\\Downloads\\CRM-RE-changes\\CRM-RE-changes\\backend\\routes\\plotRoutes.js": {"lines":{"total":16,"covered":16,"skipped":0,"pct":100},"functions":{"total":0,"covered":0,"skipped":0,"pct":100},"statements":{"total":16,"covered":16,"skipped":0,"pct":100},"branches":{"total":0,"covered":0,"skipped":0,"pct":100}}
,"C:\\Users\\sujan\\Downloads\\CRM-RE-changes\\CRM-RE-changes\\backend\\routes\\projectRoutes.js": {"lines":{"total":13,"covered":13,"skipped":0,"pct":100},"functions":{"total":0,"covered":0,"skipped":0,"pct":100},"statements":{"total":13,"covered":13,"skipped":0,"pct":100},"branches":{"total":0,"covered":0,"skipped":0,"pct":100}}
,"C:\\Users\\sujan\\Downloads\\CRM-RE-changes\\CRM-RE-changes\\backend\\routes\\taskRoutes.js": {"lines":{"total":13,"covered":13,"skipped":0,"pct":100},"functions":{"total":0,"covered":0,"skipped":0,"pct":100},"statements":{"total":13,"covered":13,"skipped":0,"pct":100},"branches":{"total":0,"covered":0,"skipped":0,"pct":100}}
,"C:\\Users\\sujan\\Downloads\\CRM-RE-changes\\CRM-RE-changes\\backend\\routes\\userRoutes.js": {"lines":{"total":12,"covered":12,"skipped":0,"pct":100},"functions":{"total":0,"covered":0,"skipped":0,"pct":100},"statements":{"total":12,"covered":12,"skipped":0,"pct":100},"branches":{"total":0,"covered":0,"skipped":0,"pct":100}}
,"C:\\Users\\sujan\\Downloads\\CRM-RE-changes\\CRM-RE-changes\\backend\\tests\\helpers.js": {"lines":{"total":28,"covered":28,"skipped":0,"pct":100},"functions":{"total":5,"covered":5,"skipped":0,"pct":100},"statements":{"total":28,"covered":28,"skipped":0,"pct":100},"branches":{"total":3,"covered":3,"skipped":0,"pct":100}}
,"C:\\Users\\sujan\\Downloads\\CRM-RE-changes\\CRM-RE-changes\\backend\\utils\\errorResponse.js": {"lines":{"total":3,"covered":3,"skipped":0,"pct":100},"functions":{"total":1,"covered":1,"skipped":0,"pct":100},"statements":{"total":3,"covered":3,"skipped":0,"pct":100},"branches":{"total":0,"covered":0,"skipped":0,"pct":100}}
,"C:\\Users\\sujan\\Downloads\\CRM-RE-changes\\CRM-RE-changes\\backend\\utils\\fcm.js": {"lines":{"total":55,"covered":18,"skipped":0,"pct":32.72},"functions":{"total":5,"covered":0,"skipped":0,"pct":0},"statements":{"total":58,"covered":18,"skipped":0,"pct":31.03},"branches":{"total":28,"covered":2,"skipped":0,"pct":7.14}}
,"C:\\Users\\sujan\\Downloads\\CRM-RE-changes\\CRM-RE-changes\\backend\\utils\\logger.js": {"lines":{"total":6,"covered":6,"skipped":0,"pct":100},"functions":{"total":1,"covered":1,"skipped":0,"pct":100},"statements":{"total":6,"covered":6,"skipped":0,"pct":100},"branches":{"total":2,"covered":1,"skipped":0,"pct":50}}
,"C:\\Users\\sujan\\Downloads\\CRM-RE-changes\\CRM-RE-changes\\backend\\utils\\validation.js": {"lines":{"total":22,"covered":22,"skipped":0,"pct":100},"functions":{"total":4,"covered":4,"skipped":0,"pct":100},"statements":{"total":22,"covered":22,"skipped":0,"pct":100},"branches":{"total":8,"covered":8,"skipped":0,"pct":100}}
,"C:\\Users\\sujan\\Downloads\\CRM-RE-changes\\CRM-RE-changes\\backend\\validators\\authValidators.js": {"lines":{"total":6,"covered":6,"skipped":0,"pct":100},"functions":{"total":0,"covered":0,"skipped":0,"pct":100},"statements":{"total":6,"covered":6,"skipped":0,"pct":100},"branches":{"total":0,"covered":0,"skipped":0,"pct":100}}
,"C:\\Users\\sujan\\Downloads\\CRM-RE-changes\\CRM-RE-changes\\backend\\validators\\channelPartnerValidators.js": {"lines":{"total":2,"covered":2,"skipped":0,"pct":100},"functions":{"total":0,"covered":0,"skipped":0,"pct":100},"statements":{"total":2,"covered":2,"skipped":0,"pct":100},"branches":{"total":0,"covered":0,"skipped":0,"pct":100}}
,"C:\\Users\\sujan\\Downloads\\CRM-RE-changes\\CRM-RE-changes\\backend\\validators\\leadValidators.js": {"lines":{"total":2,"covered":2,"skipped":0,"pct":100},"functions":{"total":0,"covered":0,"skipped":0,"pct":100},"statements":{"total":2,"covered":2,"skipped":0,"pct":100},"branches":{"total":0,"covered":0,"skipped":0,"pct":100}}
,"C:\\Users\\sujan\\Downloads\\CRM-RE-changes\\CRM-RE-changes\\backend\\validators\\projectValidators.js": {"lines":{"total":3,"covered":3,"skipped":0,"pct":100},"functions":{"total":0,"covered":0,"skipped":0,"pct":100},"statements":{"total":3,"covered":3,"skipped":0,"pct":100},"branches":{"total":0,"covered":0,"skipped":0,"pct":100}}
,"C:\\Users\\sujan\\Downloads\\CRM-RE-changes\\CRM-RE-changes\\backend\\validators\\userValidators.js": {"lines":{"total":3,"covered":3,"skipped":0,"pct":100},"functions":{"total":0,"covered":0,"skipped":0,"pct":100},"statements":{"total":3,"covered":3,"skipped":0,"pct":100},"branches":{"total":0,"covered":0,"skipped":0,"pct":100}}
,"C:\\Users\\sujan\\Downloads\\CRM-RE-changes\\CRM-RE-changes\\backend\\validators\\validate.js": {"lines":{"total":9,"covered":9,"skipped":0,"pct":100},"functions":{"total":2,"covered":2,"skipped":0,"pct":100},"statements":{"total":10,"covered":10,"skipped":0,"pct":100},"branches":{"total":2,"covered":2,"skipped":0,"pct":100}}
}
