TN:
SF:config\db.js
FN:11,(anonymous_0)
FN:14,(anonymous_1)
FN:20,(anonymous_2)
FN:31,(anonymous_3)
FN:57,(anonymous_4)
FNF:5
FNH:4
FNDA:397,(anonymous_0)
FNDA:443,(anonymous_1)
FNDA:497,(anonymous_2)
FNDA:3,(anonymous_3)
FNDA:0,(anonymous_4)
DA:1,39
DA:2,39
DA:3,39
DA:4,39
DA:8,39
DA:11,39
DA:12,397
DA:15,443
DA:16,443
DA:17,443
DA:19,443
DA:20,443
DA:21,497
DA:23,497
DA:24,3869
DA:25,3869
DA:27,3869
DA:28,94
DA:30,94
DA:31,3
DA:33,91
DA:36,94
DA:37,1
DA:39,93
DA:40,93
DA:41,93
DA:44,3775
DA:45,54
DA:50,443
DA:52,443
DA:57,39
DA:58,0
DA:59,0
DA:60,0
DA:62,0
DA:63,0
DA:67,39
LF:37
LH:32
BRDA:19,0,0,443
BRDA:19,0,1,0
BRDA:20,1,0,443
BRDA:21,2,0,0
BRDA:21,2,1,497
BRDA:21,3,0,497
BRDA:21,3,1,497
BRDA:24,4,0,154
BRDA:24,4,1,3715
BRDA:27,5,0,94
BRDA:27,5,1,3775
BRDA:27,6,0,3869
BRDA:27,6,1,100
BRDA:30,7,0,3
BRDA:30,7,1,91
BRDA:31,8,0,3
BRDA:31,8,1,0
BRDA:36,9,0,1
BRDA:36,9,1,93
BRDA:36,10,0,94
BRDA:36,10,1,1
BRDA:36,10,2,1
BRDA:39,11,0,90
BRDA:39,11,1,3
BRDA:40,12,0,93
BRDA:40,12,1,0
BRDA:44,13,0,54
BRDA:44,13,1,3721
BRDA:44,14,0,3775
BRDA:44,14,1,3681
BRDA:44,14,2,1624
BRDA:44,14,3,1303
BRDA:44,14,4,1303
BRF:33
BRH:29
end_of_record
TN:
SF:controllers\activityLogController.js
FN:8,(anonymous_0)
FN:15,(anonymous_1)
FN:31,(anonymous_2)
FN:43,(anonymous_3)
FN:61,(anonymous_4)
FN:80,(anonymous_5)
FN:99,(anonymous_6)
FNF:7
FNH:7
FNDA:1,(anonymous_0)
FNDA:2,(anonymous_1)
FNDA:1,(anonymous_2)
FNDA:3,(anonymous_3)
FNDA:1,(anonymous_4)
FNDA:2,(anonymous_5)
FNDA:3,(anonymous_6)
DA:1,23
DA:2,23
DA:3,23
DA:8,23
DA:9,1
DA:15,23
DA:16,2
DA:18,2
DA:19,1
DA:22,1
DA:31,23
DA:32,1
DA:34,1
DA:43,23
DA:44,3
DA:46,3
DA:47,1
DA:50,2
DA:52,2
DA:61,23
DA:62,1
DA:63,1
DA:64,1
DA:65,1
DA:66,1
DA:67,1
DA:69,1
DA:80,23
DA:81,2
DA:82,2
DA:83,2
DA:84,2
DA:85,2
DA:86,2
DA:88,2
DA:99,23
DA:100,3
DA:101,3
DA:102,3
DA:103,3
DA:104,3
DA:106,3
LF:42
LH:42
BRDA:18,0,0,1
BRDA:18,0,1,1
BRDA:46,1,0,1
BRDA:46,1,1,2
BRDA:62,2,0,1
BRDA:62,2,1,1
BRDA:63,3,0,1
BRDA:63,3,1,1
BRDA:81,4,0,2
BRDA:81,4,1,1
BRDA:82,5,0,2
BRDA:82,5,1,1
BRDA:100,6,0,3
BRDA:100,6,1,2
BRDA:101,7,0,3
BRDA:101,7,1,2
BRF:16
BRH:16
end_of_record
TN:
SF:controllers\attendanceController.js
FN:8,(anonymous_0)
FN:15,(anonymous_1)
FN:35,(anonymous_2)
FN:47,(anonymous_3)
FN:68,(anonymous_4)
FN:84,(anonymous_5)
FN:102,(anonymous_6)
FN:121,(anonymous_7)
FN:140,(anonymous_8)
FNF:9
FNH:9
FNDA:1,(anonymous_0)
FNDA:2,(anonymous_1)
FNDA:4,(anonymous_2)
FNDA:6,(anonymous_3)
FNDA:55,(anonymous_4)
FNDA:3,(anonymous_5)
FNDA:3,(anonymous_6)
FNDA:3,(anonymous_7)
FNDA:2,(anonymous_8)
DA:1,23
DA:2,23
DA:3,23
DA:8,23
DA:9,1
DA:15,23
DA:16,2
DA:22,2
DA:23,1
DA:26,1
DA:35,23
DA:36,4
DA:38,4
DA:47,23
DA:48,6
DA:50,6
DA:51,1
DA:54,5
DA:68,55
DA:70,5
DA:75,5
DA:84,23
DA:85,3
DA:87,3
DA:88,1
DA:91,2
DA:93,2
DA:102,23
DA:103,3
DA:104,3
DA:105,3
DA:106,3
DA:107,3
DA:108,3
DA:110,3
DA:121,23
DA:122,3
DA:123,3
DA:124,3
DA:125,3
DA:126,3
DA:127,3
DA:129,3
DA:140,23
DA:141,2
DA:142,2
DA:143,2
DA:144,2
DA:145,2
DA:146,2
DA:147,2
DA:149,2
LF:52
LH:52
BRDA:22,0,0,1
BRDA:22,0,1,1
BRDA:50,1,0,1
BRDA:50,1,1,5
BRDA:68,2,0,55
BRDA:68,2,1,46
BRDA:87,3,0,1
BRDA:87,3,1,2
BRDA:103,4,0,3
BRDA:103,4,1,2
BRDA:104,5,0,3
BRDA:104,5,1,2
BRDA:122,6,0,3
BRDA:122,6,1,2
BRDA:123,7,0,3
BRDA:123,7,1,2
BRDA:142,8,0,2
BRDA:142,8,1,1
BRDA:143,9,0,2
BRDA:143,9,1,1
BRF:20
BRH:20
end_of_record
TN:
SF:controllers\authController.js
FN:9,(anonymous_0)
FN:63,(anonymous_1)
FN:104,(anonymous_2)
FN:116,(anonymous_3)
FN:175,(anonymous_4)
FN:213,(anonymous_5)
FN:233,(anonymous_6)
FN:257,(anonymous_7)
FN:270,(anonymous_8)
FN:286,(anonymous_9)
FN:298,(anonymous_10)
FNF:11
FNH:11
FNDA:9,(anonymous_0)
FNDA:7,(anonymous_1)
FNDA:2,(anonymous_2)
FNDA:2,(anonymous_3)
FNDA:3,(anonymous_4)
FNDA:5,(anonymous_5)
FNDA:5,(anonymous_6)
FNDA:9,(anonymous_7)
FNDA:2,(anonymous_8)
FNDA:3,(anonymous_9)
FNDA:2,(anonymous_10)
DA:1,23
DA:2,23
DA:3,23
DA:4,23
DA:9,23
DA:20,9
DA:24,9
DA:27,9
DA:42,8
DA:44,8
DA:63,23
DA:64,7
DA:66,7
DA:67,0
DA:70,7
DA:72,7
DA:73,3
DA:76,4
DA:78,4
DA:79,1
DA:82,3
DA:84,3
DA:104,23
DA:105,2
DA:107,2
DA:116,23
DA:117,2
DA:119,2
DA:120,0
DA:123,2
DA:126,2
DA:128,2
DA:130,2
DA:134,0
DA:136,0
DA:139,0
DA:140,0
DA:142,0
DA:148,0
DA:149,0
DA:150,0
DA:156,0
DA:161,0
DA:162,0
DA:163,0
DA:164,0
DA:166,0
DA:168,0
DA:175,23
DA:176,3
DA:178,3
DA:179,0
DA:183,3
DA:188,3
DA:193,3
DA:194,2
DA:198,1
DA:199,1
DA:200,1
DA:201,1
DA:204,1
DA:213,23
DA:214,5
DA:215,5
DA:216,5
DA:217,5
DA:218,5
DA:219,5
DA:220,5
DA:222,5
DA:227,5
DA:233,23
DA:234,5
DA:236,5
DA:237,0
DA:240,5
DA:242,5
DA:243,5
DA:244,2
DA:247,3
DA:248,3
DA:250,3
DA:251,3
DA:257,23
DA:258,9
DA:260,9
DA:261,1
DA:264,8
DA:265,8
DA:266,0
DA:270,8
DA:271,8
DA:272,6
DA:273,6
DA:276,8
DA:286,23
DA:287,3
DA:289,3
DA:290,1
DA:293,2
DA:294,2
DA:295,0
DA:298,2
DA:299,2
DA:301,2
LF:105
LH:84
BRDA:66,0,0,0
BRDA:66,0,1,7
BRDA:66,1,0,7
BRDA:66,1,1,7
BRDA:72,2,0,3
BRDA:72,2,1,4
BRDA:78,3,0,1
BRDA:78,3,1,3
BRDA:119,4,0,0
BRDA:119,4,1,2
BRDA:128,5,0,2
BRDA:128,5,1,0
BRDA:139,6,0,0
BRDA:139,6,1,0
BRDA:178,7,0,0
BRDA:178,7,1,3
BRDA:178,8,0,3
BRDA:178,8,1,3
BRDA:193,9,0,2
BRDA:193,9,1,1
BRDA:216,10,0,3
BRDA:216,10,1,2
BRDA:217,11,0,0
BRDA:217,11,1,5
BRDA:218,12,0,2
BRDA:218,12,1,3
BRDA:219,13,0,1
BRDA:219,13,1,4
BRDA:220,14,0,1
BRDA:220,14,1,4
BRDA:236,15,0,0
BRDA:236,15,1,5
BRDA:236,16,0,5
BRDA:236,16,1,5
BRDA:243,17,0,2
BRDA:243,17,1,3
BRDA:260,18,0,1
BRDA:260,18,1,8
BRDA:265,19,0,0
BRDA:265,19,1,8
BRDA:271,20,0,6
BRDA:271,20,1,2
BRDA:272,21,0,6
BRDA:272,21,1,2
BRDA:289,22,0,1
BRDA:289,22,1,2
BRDA:294,23,0,0
BRDA:294,23,1,2
BRF:48
BRH:38
end_of_record
TN:
SF:controllers\channelPartnerController.js
FN:8,(anonymous_0)
FN:15,(anonymous_1)
FN:31,(anonymous_2)
FN:47,(anonymous_3)
FN:60,(anonymous_4)
FN:83,(anonymous_5)
FN:99,(anonymous_6)
FN:117,(anonymous_7)
FN:136,(anonymous_8)
FNF:9
FNH:8
FNDA:1,(anonymous_0)
FNDA:0,(anonymous_1)
FNDA:4,(anonymous_2)
FNDA:48,(anonymous_3)
FNDA:2,(anonymous_4)
FNDA:26,(anonymous_5)
FNDA:2,(anonymous_6)
FNDA:1,(anonymous_7)
FNDA:2,(anonymous_8)
DA:1,23
DA:2,23
DA:3,23
DA:8,23
DA:9,1
DA:15,23
DA:16,0
DA:18,0
DA:19,0
DA:22,0
DA:31,23
DA:32,4
DA:47,48
DA:49,4
DA:51,4
DA:60,23
DA:61,2
DA:63,2
DA:64,0
DA:67,2
DA:83,26
DA:85,2
DA:90,2
DA:99,23
DA:100,2
DA:102,2
DA:103,0
DA:106,2
DA:108,2
DA:117,23
DA:118,1
DA:119,1
DA:120,1
DA:121,1
DA:122,1
DA:123,1
DA:125,1
DA:136,23
DA:137,2
DA:138,2
DA:139,2
DA:140,2
DA:141,2
DA:142,2
DA:144,2
LF:45
LH:39
BRDA:18,0,0,0
BRDA:18,0,1,0
BRDA:47,1,0,48
BRDA:47,1,1,33
BRDA:63,2,0,0
BRDA:63,2,1,2
BRDA:83,3,0,26
BRDA:83,3,1,23
BRDA:102,4,0,0
BRDA:102,4,1,2
BRDA:118,5,0,1
BRDA:118,5,1,1
BRDA:119,6,0,1
BRDA:119,6,1,1
BRDA:137,7,0,2
BRDA:137,7,1,2
BRDA:138,8,0,2
BRDA:138,8,1,2
BRF:18
BRH:14
end_of_record
TN:
SF:controllers\groupController.js
FN:8,(anonymous_0)
FN:15,(anonymous_1)
FN:31,(anonymous_2)
FN:43,(anonymous_3)
FN:56,(anonymous_4)
FN:72,(anonymous_5)
FN:94,(anonymous_6)
FN:124,(anonymous_7)
FNF:8
FNH:8
FNDA:1,(anonymous_0)
FNDA:2,(anonymous_1)
FNDA:2,(anonymous_2)
FNDA:1,(anonymous_3)
FNDA:3,(anonymous_4)
FNDA:2,(anonymous_5)
FNDA:4,(anonymous_6)
FNDA:2,(anonymous_7)
DA:1,23
DA:2,23
DA:3,23
DA:8,23
DA:9,1
DA:15,23
DA:16,2
DA:18,2
DA:19,0
DA:22,2
DA:31,23
DA:32,2
DA:34,2
DA:43,23
DA:44,1
DA:46,1
DA:47,0
DA:50,1
DA:56,3
DA:58,1
DA:63,1
DA:72,23
DA:73,2
DA:75,2
DA:76,0
DA:80,2
DA:81,2
DA:83,2
DA:85,2
DA:94,23
DA:95,4
DA:97,4
DA:98,0
DA:101,4
DA:103,4
DA:104,0
DA:108,4
DA:109,1
DA:112,3
DA:113,3
DA:115,3
DA:124,23
DA:125,2
DA:127,2
DA:128,0
DA:131,2
DA:133,2
DA:134,0
DA:137,2
DA:138,2
DA:140,2
LF:51
LH:44
BRDA:18,0,0,0
BRDA:18,0,1,2
BRDA:46,1,0,0
BRDA:46,1,1,1
BRDA:56,2,0,3
BRDA:56,2,1,2
BRDA:75,3,0,0
BRDA:75,3,1,2
BRDA:97,4,0,0
BRDA:97,4,1,4
BRDA:103,5,0,0
BRDA:103,5,1,4
BRDA:108,6,0,1
BRDA:108,6,1,3
BRDA:127,7,0,0
BRDA:127,7,1,2
BRDA:133,8,0,0
BRDA:133,8,1,2
BRF:18
BRH:11
end_of_record
TN:
SF:controllers\leadController.js
FN:8,(anonymous_0)
FN:15,(anonymous_1)
FN:43,(anonymous_2)
FN:70,(anonymous_3)
FN:83,(anonymous_4)
FN:116,(anonymous_5)
FN:132,(anonymous_6)
FN:150,(anonymous_7)
FN:169,(anonymous_8)
FN:188,(anonymous_9)
FNF:10
FNH:10
FNDA:16,(anonymous_0)
FNDA:7,(anonymous_1)
FNDA:15,(anonymous_2)
FNDA:345,(anonymous_3)
FNDA:12,(anonymous_4)
FNDA:253,(anonymous_5)
FNDA:2,(anonymous_6)
FNDA:2,(anonymous_7)
FNDA:3,(anonymous_8)
FNDA:1,(anonymous_9)
DA:1,23
DA:2,23
DA:3,23
DA:8,23
DA:9,16
DA:15,23
DA:16,7
DA:30,6
DA:31,3
DA:34,3
DA:43,23
DA:44,15
DA:70,345
DA:72,15
DA:74,15
DA:83,23
DA:84,12
DA:86,12
DA:87,1
DA:90,11
DA:116,253
DA:118,11
DA:123,11
DA:132,23
DA:133,2
DA:135,2
DA:136,1
DA:139,1
DA:141,1
DA:150,23
DA:151,2
DA:152,2
DA:153,2
DA:154,2
DA:155,2
DA:156,2
DA:158,2
DA:169,23
DA:170,3
DA:171,3
DA:172,3
DA:173,3
DA:174,3
DA:175,3
DA:177,3
DA:188,23
DA:189,1
DA:190,1
DA:191,1
DA:192,1
DA:193,1
DA:194,1
DA:196,1
LF:53
LH:53
BRDA:30,0,0,3
BRDA:30,0,1,3
BRDA:70,1,0,345
BRDA:70,1,1,285
BRDA:86,2,0,1
BRDA:86,2,1,11
BRDA:116,3,0,253
BRDA:116,3,1,236
BRDA:135,4,0,1
BRDA:135,4,1,1
BRDA:151,5,0,2
BRDA:151,5,1,1
BRDA:152,6,0,2
BRDA:152,6,1,1
BRDA:170,7,0,3
BRDA:170,7,1,3
BRDA:171,8,0,3
BRDA:171,8,1,3
BRDA:189,9,0,1
BRDA:189,9,1,1
BRDA:190,10,0,1
BRDA:190,10,1,1
BRF:22
BRH:22
end_of_record
TN:
SF:controllers\notificationController.js
FN:8,(anonymous_0)
FN:24,(anonymous_1)
FN:62,(anonymous_2)
FN:109,(anonymous_3)
FN:119,(anonymous_4)
FN:135,(anonymous_5)
FN:149,(anonymous_6)
FN:161,(anonymous_7)
FN:177,(anonymous_8)
FN:195,(anonymous_9)
FN:218,(anonymous_10)
FN:237,(anonymous_11)
FNF:12
FNH:12
FNDA:12,(anonymous_0)
FNDA:3,(anonymous_1)
FNDA:1,(anonymous_2)
FNDA:4,(anonymous_3)
FNDA:2,(anonymous_4)
FNDA:6,(anonymous_5)
FNDA:3,(anonymous_6)
FNDA:2,(anonymous_7)
FNDA:3,(anonymous_8)
FNDA:8,(anonymous_9)
FNDA:3,(anonymous_10)
FNDA:3,(anonymous_11)
DA:1,23
DA:2,23
DA:3,23
DA:4,23
DA:5,23
DA:8,23
DA:9,12
DA:10,12
DA:11,12
DA:12,12
DA:13,12
DA:15,12
DA:16,12
DA:19,12
DA:24,12
DA:25,3
DA:26,3
DA:27,3
DA:28,3
DA:30,0
DA:33,12
DA:34,3
DA:42,3
DA:43,2
DA:57,12
DA:62,12
DA:63,1
DA:65,1
DA:66,1
DA:67,1
DA:68,1
DA:69,1
DA:72,0
DA:73,0
DA:74,0
DA:76,0
DA:79,12
DA:80,1
DA:88,1
DA:89,1
DA:102,0
DA:109,23
DA:110,4
DA:111,4
DA:113,4
DA:119,23
DA:120,2
DA:122,2
DA:123,1
DA:126,1
DA:135,23
DA:136,6
DA:138,6
DA:140,6
DA:149,23
DA:150,3
DA:152,3
DA:153,1
DA:157,2
DA:161,2
DA:163,2
DA:168,2
DA:177,23
DA:178,3
DA:180,3
DA:181,1
DA:184,2
DA:186,2
DA:195,23
DA:196,8
DA:197,8
DA:200,8
DA:201,8
DA:202,8
DA:203,8
DA:204,8
DA:205,8
DA:207,8
DA:218,23
DA:219,3
DA:221,3
DA:222,0
DA:225,3
DA:226,3
DA:228,3
DA:237,23
DA:238,3
DA:240,3
LF:88
LH:81
BRDA:25,0,0,0
BRDA:25,0,1,3
BRDA:27,1,0,3
BRDA:27,1,1,0
BRDA:28,2,0,3
BRDA:28,2,1,3
BRDA:42,3,0,2
BRDA:42,3,1,1
BRDA:63,4,0,0
BRDA:63,4,1,1
BRDA:66,5,0,1
BRDA:66,5,1,0
BRDA:69,6,0,1
BRDA:69,6,1,0
BRDA:69,7,0,1
BRDA:69,7,1,1
BRDA:73,8,0,0
BRDA:73,8,1,0
BRDA:74,9,0,0
BRDA:74,9,1,0
BRDA:88,10,0,1
BRDA:88,10,1,0
BRDA:110,11,0,4
BRDA:110,11,1,0
BRDA:110,12,0,4
BRDA:110,12,1,4
BRDA:122,13,0,1
BRDA:122,13,1,1
BRDA:152,14,0,1
BRDA:152,14,1,2
BRDA:161,15,0,2
BRDA:161,15,1,0
BRDA:180,16,0,1
BRDA:180,16,1,2
BRDA:196,17,0,8
BRDA:196,17,1,0
BRDA:196,18,0,8
BRDA:196,18,1,8
BRDA:200,19,0,8
BRDA:200,19,1,7
BRDA:201,20,0,8
BRDA:201,20,1,7
BRDA:221,21,0,0
BRDA:221,21,1,3
BRF:44
BRH:30
end_of_record
TN:
SF:controllers\plotController.js
FN:11,(anonymous_0)
FN:18,(anonymous_1)
FN:38,(anonymous_2)
FN:67,(anonymous_3)
FN:89,(anonymous_4)
FN:105,(anonymous_5)
FN:174,(anonymous_6)
FN:198,(anonymous_7)
FN:215,(anonymous_8)
FN:236,(anonymous_9)
FN:254,(anonymous_10)
FN:278,(anonymous_11)
FN:311,(anonymous_12)
FNF:13
FNH:13
FNDA:14,(anonymous_0)
FNDA:3,(anonymous_1)
FNDA:2,(anonymous_2)
FNDA:3,(anonymous_3)
FNDA:24,(anonymous_4)
FNDA:18,(anonymous_5)
FNDA:8,(anonymous_6)
FNDA:6,(anonymous_7)
FNDA:3,(anonymous_8)
FNDA:2,(anonymous_9)
FNDA:1,(anonymous_10)
FNDA:3,(anonymous_11)
FNDA:3,(anonymous_12)
DA:1,23
DA:2,23
DA:3,23
DA:4,23
DA:5,23
DA:6,23
DA:11,23
DA:12,14
DA:18,23
DA:19,3
DA:25,3
DA:26,2
DA:29,1
DA:38,23
DA:39,2
DA:41,2
DA:42,0
DA:45,2
DA:47,1
DA:53,1
DA:54,1
DA:60,0
DA:67,23
DA:68,3
DA:70,3
DA:71,1
DA:74,2
DA:89,24
DA:91,2
DA:96,2
DA:105,23
DA:106,18
DA:107,18
DA:132,18
DA:138,18
DA:139,4
DA:143,14
DA:144,11
DA:145,11
DA:146,11
DA:147,11
DA:148,11
DA:149,11
DA:161,0
DA:165,14
DA:174,23
DA:175,8
DA:176,8
DA:177,7
DA:178,2
DA:181,5
DA:182,5
DA:183,5
DA:189,5
DA:190,5
DA:192,5
DA:198,23
DA:199,6
DA:200,6
DA:201,5
DA:202,1
DA:205,4
DA:206,4
DA:207,4
DA:209,4
DA:215,23
DA:216,3
DA:217,3
DA:218,3
DA:219,3
DA:220,3
DA:221,3
DA:225,3
DA:236,23
DA:237,2
DA:239,2
DA:240,1
DA:243,1
DA:245,1
DA:254,23
DA:255,1
DA:256,1
DA:257,1
DA:258,1
DA:259,1
DA:260,1
DA:262,1
DA:278,23
DA:279,3
DA:280,3
DA:281,3
DA:283,3
DA:285,3
DA:286,1
DA:289,3
DA:290,3
DA:294,3
DA:311,23
DA:312,3
DA:314,3
DA:315,1
DA:318,2
LF:102
LH:99
BRDA:25,0,0,2
BRDA:25,0,1,1
BRDA:41,1,0,0
BRDA:41,1,1,2
BRDA:53,2,0,1
BRDA:53,2,1,0
BRDA:53,3,0,1
BRDA:53,3,1,0
BRDA:70,4,0,1
BRDA:70,4,1,2
BRDA:89,5,0,24
BRDA:89,5,1,21
BRDA:107,6,0,13
BRDA:107,6,1,5
BRDA:116,7,0,13
BRDA:116,7,1,10
BRDA:117,8,0,13
BRDA:117,8,1,13
BRDA:119,9,0,13
BRDA:119,9,1,13
BRDA:126,10,0,5
BRDA:126,10,1,3
BRDA:129,11,0,5
BRDA:129,11,1,5
BRDA:138,12,0,4
BRDA:138,12,1,14
BRDA:143,13,0,11
BRDA:143,13,1,3
BRDA:146,14,0,11
BRDA:146,14,1,0
BRDA:176,15,0,1
BRDA:176,15,1,7
BRDA:177,16,0,2
BRDA:177,16,1,5
BRDA:177,17,0,7
BRDA:177,17,1,5
BRDA:186,18,0,5
BRDA:186,18,1,0
BRDA:200,19,0,1
BRDA:200,19,1,5
BRDA:201,20,0,1
BRDA:201,20,1,4
BRDA:201,21,0,5
BRDA:201,21,1,4
BRDA:216,22,0,3
BRDA:216,22,1,2
BRDA:217,23,0,3
BRDA:217,23,1,2
BRDA:239,24,0,1
BRDA:239,24,1,1
BRDA:255,25,0,1
BRDA:255,25,1,1
BRDA:256,26,0,1
BRDA:256,26,1,1
BRDA:279,27,0,3
BRDA:279,27,1,3
BRDA:280,28,0,3
BRDA:280,28,1,3
BRDA:285,29,0,1
BRDA:285,29,1,2
BRDA:314,30,0,1
BRDA:314,30,1,2
BRDA:320,31,0,2
BRDA:320,31,1,0
BRF:64
BRH:58
end_of_record
TN:
SF:controllers\projectController.js
FN:8,(anonymous_0)
FN:15,(anonymous_1)
FN:32,(anonymous_2)
FN:59,(anonymous_3)
FN:93,(anonymous_4)
FN:109,(anonymous_5)
FN:131,(anonymous_6)
FN:136,(anonymous_7)
FN:143,(anonymous_8)
FNF:9
FNH:9
FNDA:4,(anonymous_0)
FNDA:2,(anonymous_1)
FNDA:20,(anonymous_2)
FNDA:4,(anonymous_3)
FNDA:72,(anonymous_4)
FNDA:5,(anonymous_5)
FNDA:2,(anonymous_6)
FNDA:4,(anonymous_7)
FNDA:2,(anonymous_8)
DA:1,23
DA:2,23
DA:3,23
DA:8,23
DA:9,4
DA:15,23
DA:16,2
DA:19,2
DA:20,1
DA:23,1
DA:32,23
DA:33,20
DA:35,20
DA:36,18
DA:37,18
DA:38,18
DA:39,86
DA:47,18
DA:50,20
DA:59,23
DA:60,4
DA:62,4
DA:63,1
DA:66,3
DA:93,72
DA:95,3
DA:100,3
DA:109,23
DA:110,5
DA:112,5
DA:113,2
DA:117,3
DA:118,3
DA:120,3
DA:122,3
DA:131,23
DA:132,2
DA:134,2
DA:136,4
DA:143,23
DA:144,2
DA:145,2
DA:147,2
DA:148,2
DA:150,2
DA:151,2
DA:152,2
DA:154,2
DA:155,1
DA:156,1
DA:157,3
DA:166,1
DA:167,1
DA:168,1
DA:169,1
DA:179,2
LF:56
LH:56
BRDA:19,0,0,1
BRDA:19,0,1,1
BRDA:35,1,0,18
BRDA:35,1,1,2
BRDA:43,2,0,86
BRDA:43,2,1,46
BRDA:44,3,0,86
BRDA:44,3,1,0
BRDA:62,4,0,1
BRDA:62,4,1,3
BRDA:93,5,0,72
BRDA:93,5,1,68
BRDA:112,6,0,2
BRDA:112,6,1,3
BRDA:136,7,0,4
BRDA:136,7,1,4
BRDA:151,8,0,2
BRDA:151,8,1,0
BRDA:154,9,0,1
BRDA:154,9,1,1
BRDA:161,10,0,3
BRDA:161,10,1,0
BRDA:162,11,0,3
BRDA:162,11,1,0
BRDA:166,12,0,1
BRDA:166,12,1,0
BRF:26
BRH:21
end_of_record
TN:
SF:controllers\taskController.js
FN:8,(anonymous_0)
FN:15,(anonymous_1)
FN:35,(anonymous_2)
FN:47,(anonymous_3)
FN:72,(anonymous_4)
FN:128,(anonymous_5)
FN:146,(anonymous_6)
FN:165,(anonymous_7)
FN:184,(anonymous_8)
FN:203,(anonymous_9)
FNF:10
FNH:9
FNDA:1,(anonymous_0)
FNDA:1,(anonymous_1)
FNDA:8,(anonymous_2)
FNDA:10,(anonymous_3)
FNDA:100,(anonymous_4)
FNDA:2,(anonymous_5)
FNDA:1,(anonymous_6)
FNDA:3,(anonymous_7)
FNDA:1,(anonymous_8)
FNDA:0,(anonymous_9)
DA:1,23
DA:2,23
DA:3,23
DA:8,23
DA:9,1
DA:15,23
DA:16,1
DA:22,1
DA:23,0
DA:26,1
DA:35,23
DA:36,8
DA:38,7
DA:47,23
DA:48,10
DA:50,10
DA:51,0
DA:55,10
DA:56,10
DA:57,10
DA:59,10
DA:72,100
DA:74,10
DA:80,10
DA:81,3
DA:82,3
DA:84,3
DA:86,2
DA:87,2
DA:88,2
DA:99,1
DA:101,1
DA:102,0
DA:103,0
DA:104,0
DA:119,10
DA:128,23
DA:129,2
DA:131,2
DA:132,0
DA:135,2
DA:137,2
DA:146,23
DA:147,1
DA:148,1
DA:149,1
DA:150,1
DA:151,1
DA:152,1
DA:154,1
DA:165,23
DA:166,3
DA:167,3
DA:168,3
DA:169,3
DA:170,3
DA:171,3
DA:173,3
DA:184,23
DA:185,1
DA:186,1
DA:187,1
DA:188,1
DA:189,1
DA:190,1
DA:192,1
DA:203,23
DA:204,0
DA:205,0
DA:206,0
DA:207,0
DA:208,0
DA:209,0
DA:211,0
LF:74
LH:61
BRDA:22,0,0,0
BRDA:22,0,1,1
BRDA:50,1,0,0
BRDA:50,1,1,10
BRDA:55,2,0,10
BRDA:55,2,1,0
BRDA:56,3,0,3
BRDA:56,3,1,7
BRDA:72,4,0,100
BRDA:72,4,1,88
BRDA:80,5,0,3
BRDA:80,5,1,7
BRDA:84,6,0,2
BRDA:84,6,1,1
BRDA:99,7,0,1
BRDA:99,7,1,0
BRDA:101,8,0,0
BRDA:101,8,1,1
BRDA:103,9,0,0
BRDA:103,9,1,0
BRDA:103,10,0,0
BRDA:103,10,1,0
BRDA:131,11,0,0
BRDA:131,11,1,2
BRDA:147,12,0,1
BRDA:147,12,1,1
BRDA:148,13,0,1
BRDA:148,13,1,1
BRDA:166,14,0,3
BRDA:166,14,1,3
BRDA:167,15,0,3
BRDA:167,15,1,3
BRDA:185,16,0,1
BRDA:185,16,1,1
BRDA:186,17,0,1
BRDA:186,17,1,1
BRDA:204,18,0,0
BRDA:204,18,1,0
BRDA:205,19,0,0
BRDA:205,19,1,0
BRF:40
BRH:26
end_of_record
TN:
SF:controllers\userController.js
FN:8,(anonymous_0)
FN:15,(anonymous_1)
FN:31,(anonymous_2)
FN:46,(anonymous_3)
FN:59,(anonymous_4)
FN:72,(anonymous_5)
FN:92,(anonymous_6)
FNF:7
FNH:6
FNDA:3,(anonymous_0)
FNDA:0,(anonymous_1)
FNDA:2,(anonymous_2)
FNDA:22,(anonymous_3)
FNDA:1,(anonymous_4)
FNDA:9,(anonymous_5)
FNDA:1,(anonymous_6)
DA:1,23
DA:2,23
DA:3,23
DA:8,23
DA:9,3
DA:15,23
DA:16,0
DA:18,0
DA:19,0
DA:22,0
DA:31,23
DA:32,2
DA:46,22
DA:48,2
DA:50,2
DA:59,23
DA:60,1
DA:72,9
DA:74,1
DA:79,1
DA:80,0
DA:83,1
DA:92,23
DA:93,1
DA:95,1
DA:96,0
DA:100,1
DA:101,1
DA:102,1
DA:103,1
DA:104,1
DA:106,1
DA:114,1
LF:33
LH:27
BRDA:18,0,0,0
BRDA:18,0,1,0
BRDA:46,1,0,22
BRDA:46,1,1,10
BRDA:72,2,0,9
BRDA:72,2,1,7
BRDA:79,3,0,0
BRDA:79,3,1,1
BRDA:95,4,0,0
BRDA:95,4,1,1
BRF:10
BRH:6
end_of_record
TN:
SF:middleware\advancedResults.js
FN:5,(anonymous_0)
FN:5,(anonymous_1)
FN:15,(anonymous_2)
FN:21,(anonymous_3)
FN:37,(anonymous_4)
FNF:5
FNH:5
FNDA:230,(anonymous_0)
FNDA:46,(anonymous_1)
FNDA:230,(anonymous_2)
FNDA:1,(anonymous_3)
FNDA:6,(anonymous_4)
DA:1,23
DA:2,23
DA:3,23
DA:5,230
DA:9,46
DA:12,46
DA:15,230
DA:18,46
DA:21,46
DA:24,46
DA:25,46
DA:28,0
DA:32,46
DA:35,46
DA:36,3
DA:37,6
DA:43,46
DA:46,46
DA:47,2
DA:48,2
DA:52,46
DA:53,1
DA:54,1
DA:56,45
DA:60,46
DA:61,46
DA:62,46
DA:63,46
DA:64,46
DA:66,46
DA:68,46
DA:69,37
DA:73,46
DA:76,46
DA:78,46
DA:79,1
DA:85,46
DA:86,0
DA:92,46
DA:100,46
DA:103,23
LF:41
LH:39
BRDA:5,0,0,184
BRDA:35,1,0,3
BRDA:35,1,1,43
BRDA:35,2,0,46
BRDA:35,2,1,3
BRDA:35,2,2,3
BRDA:46,3,0,2
BRDA:46,3,1,44
BRDA:52,4,0,1
BRDA:52,4,1,45
BRDA:60,5,0,46
BRDA:60,5,1,45
BRDA:61,6,0,46
BRDA:61,6,1,43
BRDA:68,7,0,37
BRDA:68,7,1,9
BRDA:78,8,0,1
BRDA:78,8,1,45
BRDA:85,9,0,0
BRDA:85,9,1,46
BRF:20
BRH:19
end_of_record
TN:
SF:middleware\async.js
FN:1,(anonymous_0)
FN:1,(anonymous_1)
FNF:2
FNH:2
FNDA:2255,(anonymous_0)
FNDA:736,(anonymous_1)
DA:1,2255
DA:2,736
DA:4,24
LF:3
LH:3
BRF:0
BRH:0
end_of_record
TN:
SF:middleware\auth.js
FN:7,(anonymous_0)
FN:43,(anonymous_1)
FN:44,(anonymous_2)
FNF:3
FNH:3
FNDA:353,(anonymous_0)
FNDA:578,(anonymous_1)
FNDA:107,(anonymous_2)
DA:1,24
DA:2,24
DA:3,24
DA:4,24
DA:7,24
DA:10,353
DA:15,343
DA:22,353
DA:23,10
DA:26,343
DA:28,343
DA:30,338
DA:32,338
DA:33,1
DA:36,337
DA:38,5
DA:43,24
DA:44,578
DA:45,107
DA:46,18
DA:53,89
LF:21
LH:21
BRDA:10,0,0,343
BRDA:10,0,1,10
BRDA:11,1,0,353
BRDA:11,1,1,343
BRDA:22,2,0,10
BRDA:22,2,1,343
BRDA:32,3,0,1
BRDA:32,3,1,337
BRDA:45,4,0,18
BRDA:45,4,1,89
BRF:10
BRH:10
end_of_record
TN:
SF:middleware\error.js
FN:4,(anonymous_0)
FN:24,(anonymous_1)
FNF:2
FNH:2
FNDA:93,(anonymous_0)
FNDA:3,(anonymous_1)
DA:1,24
DA:2,24
DA:4,24
DA:5,93
DA:8,93
DA:11,93
DA:12,2
DA:13,2
DA:17,93
DA:18,2
DA:19,2
DA:23,93
DA:24,3
DA:25,2
DA:29,93
DA:30,1
DA:33,93
DA:34,1
DA:38,93
DA:39,1
DA:40,1
DA:43,93
DA:49,24
LF:23
LH:23
BRDA:8,0,0,93
BRDA:8,0,1,0
BRDA:11,1,0,2
BRDA:11,1,1,91
BRDA:17,2,0,2
BRDA:17,2,1,91
BRDA:23,3,0,2
BRDA:23,3,1,91
BRDA:29,4,0,1
BRDA:29,4,1,92
BRDA:33,5,0,1
BRDA:33,5,1,92
BRDA:38,6,0,1
BRDA:38,6,1,92
BRDA:39,7,0,1
BRDA:39,7,1,0
BRDA:43,8,0,93
BRDA:43,8,1,1
BRDA:45,9,0,93
BRDA:45,9,1,0
BRF:20
BRH:17
end_of_record
TN:
SF:models\ActivityLog.js
FNF:0
FNH:0
DA:1,24
DA:3,24
DA:59,24
DA:60,24
DA:62,24
LF:5
LH:5
BRF:0
BRH:0
end_of_record
TN:
SF:models\Attendance.js
FNF:0
FNH:0
DA:1,24
DA:3,24
DA:53,24
DA:55,24
LF:4
LH:4
BRF:0
BRH:0
end_of_record
TN:
SF:models\ChannelPartner.js
FNF:0
FNH:0
DA:1,24
DA:3,24
DA:66,24
DA:67,24
DA:69,24
LF:5
LH:5
BRF:0
BRH:0
end_of_record
TN:
SF:models\Counter.js
FNF:0
FNH:0
DA:1,27
DA:3,27
DA:15,27
LF:3
LH:3
BRF:0
BRH:0
end_of_record
TN:
SF:models\Group.js
FNF:0
FNH:0
DA:1,24
DA:3,24
DA:24,24
DA:26,24
LF:4
LH:4
BRF:0
BRH:0
end_of_record
TN:
SF:models\Lead.js
FNF:0
FNH:0
DA:1,24
DA:3,24
DA:112,24
DA:113,24
DA:114,24
DA:115,24
DA:116,24
DA:118,24
LF:8
LH:8
BRF:0
BRH:0
end_of_record
TN:
SF:models\Notification.js
FN:49,(anonymous_0)
FN:68,(anonymous_1)
FNF:2
FNH:2
FNDA:8,(anonymous_0)
FNDA:82,(anonymous_1)
DA:1,25
DA:2,25
DA:4,25
DA:45,25
DA:46,25
DA:49,25
DA:50,8
DA:52,1
DA:54,1
DA:56,1
DA:58,1
DA:60,1
DA:62,1
DA:64,2
DA:68,25
DA:69,82
DA:71,82
DA:73,0
DA:84,0
DA:88,25
DA:91,25
DA:93,25
LF:22
LH:20
BRDA:50,0,0,1
BRDA:50,0,1,1
BRDA:50,0,2,1
BRDA:50,0,3,1
BRDA:50,0,4,1
BRDA:50,0,5,1
BRDA:50,0,6,2
BRDA:71,1,0,82
BRDA:71,1,1,0
BRDA:71,2,0,82
BRDA:71,2,1,0
BRDA:79,3,0,0
BRDA:79,3,1,0
BRDA:80,4,0,0
BRDA:80,4,1,0
BRF:15
BRH:9
end_of_record
TN:
SF:models\Plot.js
FNF:0
FNH:0
DA:1,24
DA:3,24
DA:116,24
DA:117,24
DA:119,24
LF:5
LH:5
BRF:0
BRH:0
end_of_record
TN:
SF:models\Project.js
FNF:0
FNH:0
DA:1,25
DA:3,25
DA:124,25
DA:125,25
DA:126,25
DA:129,25
DA:137,25
LF:7
LH:7
BRF:0
BRH:0
end_of_record
TN:
SF:models\Task.js
FNF:0
FNH:0
DA:1,24
DA:3,24
DA:64,24
DA:65,24
DA:66,24
DA:67,24
DA:69,24
LF:7
LH:7
BRF:0
BRH:0
end_of_record
TN:
SF:models\User.js
FN:84,(anonymous_0)
FN:100,(anonymous_1)
FN:109,(anonymous_2)
FN:116,(anonymous_3)
FN:121,(anonymous_4)
FNF:5
FNH:5
FNDA:465,(anonymous_0)
FNDA:465,(anonymous_1)
FNDA:17,(anonymous_2)
FNDA:11,(anonymous_3)
FNDA:1,(anonymous_4)
DA:1,27
DA:2,27
DA:3,27
DA:4,27
DA:5,27
DA:7,27
DA:79,27
DA:80,27
DA:81,27
DA:84,27
DA:85,465
DA:86,452
DA:88,452
DA:89,452
DA:90,452
DA:95,452
DA:100,27
DA:101,465
DA:102,9
DA:104,456
DA:105,456
DA:109,27
DA:110,17
DA:116,27
DA:117,11
DA:121,27
DA:123,1
DA:126,1
DA:132,1
DA:134,1
DA:137,27
LF:31
LH:31
BRDA:85,0,0,452
BRDA:85,0,1,13
BRDA:86,1,0,45
BRDA:86,1,1,407
BRDA:101,2,0,9
BRDA:101,2,1,456
BRF:6
BRH:6
end_of_record
TN:
SF:models\WhatsAppMessage.js
FNF:0
FNH:0
DA:1,1
DA:3,1
DA:42,1
LF:3
LH:3
BRF:0
BRH:0
end_of_record
TN:
SF:routes\activityLogRoutes.js
FNF:0
FNH:0
DA:1,23
DA:2,23
DA:12,23
DA:14,23
DA:15,23
DA:16,23
DA:18,23
DA:21,23
DA:22,23
DA:23,23
DA:25,23
DA:30,23
DA:35,23
LF:13
LH:13
BRF:0
BRH:0
end_of_record
TN:
SF:routes\attendanceRoutes.js
FNF:0
FNH:0
DA:1,23
DA:2,23
DA:13,23
DA:15,23
DA:16,23
DA:17,23
DA:20,23
DA:21,23
DA:22,23
DA:24,23
DA:29,23
DA:35,23
LF:12
LH:12
BRF:0
BRH:0
end_of_record
TN:
SF:routes\authRoutes.js
FNF:0
FNH:0
DA:1,23
DA:2,23
DA:3,23
DA:15,23
DA:17,23
DA:18,23
DA:25,23
DA:29,23
DA:40,23
DA:49,23
DA:50,23
DA:51,23
DA:52,23
DA:53,23
DA:54,23
DA:55,23
DA:57,23
DA:61,23
LF:18
LH:18
BRF:0
BRH:0
end_of_record
TN:
SF:routes\channelPartnerRoutes.js
FNF:0
FNH:0
DA:1,23
DA:2,23
DA:12,23
DA:14,23
DA:15,23
DA:16,23
DA:17,23
DA:18,23
DA:21,23
DA:22,23
DA:24,23
DA:29,23
DA:35,23
LF:13
LH:13
BRF:0
BRH:0
end_of_record
TN:
SF:routes\groupRoutes.js
FNF:0
FNH:0
DA:1,23
DA:2,23
DA:12,23
DA:14,23
DA:15,23
DA:16,23
DA:18,23
DA:20,23
DA:25,23
DA:31,23
DA:32,23
DA:34,23
LF:12
LH:12
BRF:0
BRH:0
end_of_record
TN:
SF:routes\leadRoutes.js
FNF:0
FNH:0
DA:1,23
DA:2,23
DA:13,23
DA:15,23
DA:16,23
DA:17,23
DA:18,23
DA:19,23
DA:22,23
DA:23,23
DA:24,23
DA:26,23
DA:35,23
DA:41,23
LF:14
LH:14
BRF:0
BRH:0
end_of_record
TN:
SF:routes\notificationRoutes.js
FN:26,(anonymous_0)
FNF:1
FNH:1
FNDA:4,(anonymous_0)
DA:1,23
DA:2,23
DA:13,23
DA:15,23
DA:16,23
DA:17,23
DA:20,23
DA:21,23
DA:22,23
DA:24,23
DA:26,4
DA:29,23
DA:35,23
LF:13
LH:13
BRF:0
BRH:0
end_of_record
TN:
SF:routes\plotRoutes.js
FNF:0
FNH:0
DA:1,23
DA:2,23
DA:17,23
DA:19,23
DA:20,23
DA:21,23
DA:24,23
DA:25,23
DA:26,23
DA:27,23
DA:28,23
DA:29,23
DA:30,23
DA:32,23
DA:37,23
DA:43,23
LF:16
LH:16
BRF:0
BRH:0
end_of_record
TN:
SF:routes\projectRoutes.js
FNF:0
FNH:0
DA:1,23
DA:2,23
DA:12,23
DA:14,23
DA:15,23
DA:16,23
DA:17,23
DA:21,23
DA:24,23
DA:25,23
DA:27,23
DA:32,23
DA:38,23
LF:13
LH:13
BRF:0
BRH:0
end_of_record
TN:
SF:routes\taskRoutes.js
FNF:0
FNH:0
DA:1,23
DA:2,23
DA:14,23
DA:16,23
DA:17,23
DA:18,23
DA:21,23
DA:22,23
DA:23,23
DA:24,23
DA:26,23
DA:33,23
DA:39,23
LF:13
LH:13
BRF:0
BRH:0
end_of_record
TN:
SF:routes\userRoutes.js
FNF:0
FNH:0
DA:1,23
DA:2,23
DA:10,23
DA:12,23
DA:13,23
DA:14,23
DA:15,23
DA:16,23
DA:18,23
DA:20,23
DA:25,23
DA:31,23
LF:12
LH:12
BRF:0
BRH:0
end_of_record
TN:
SF:tests\helpers.js
FN:8,buildTestApp
FN:30,generateToken
FN:35,createTestUser
FN:51,createAdminUser
FN:56,createPartnerUser
FNF:5
FNH:5
FNDA:23,buildTestApp
FNDA:382,generateToken
FNDA:382,createTestUser
FNDA:207,createAdminUser
FNDA:35,createPartnerUser
DA:1,23
DA:2,23
DA:3,23
DA:4,23
DA:5,23
DA:9,23
DA:10,23
DA:13,23
DA:14,23
DA:15,23
DA:16,23
DA:17,23
DA:18,23
DA:19,23
DA:20,23
DA:21,23
DA:22,23
DA:23,23
DA:25,23
DA:26,23
DA:31,382
DA:36,382
DA:45,382
DA:46,382
DA:47,382
DA:52,207
DA:57,35
DA:60,23
LF:28
LH:28
BRDA:35,0,0,81
BRDA:51,1,0,207
BRDA:56,2,0,11
BRF:3
BRH:3
end_of_record
TN:
SF:utils\errorResponse.js
FN:2,(anonymous_0)
FNF:1
FNH:1
FNDA:100,(anonymous_0)
DA:3,100
DA:4,100
DA:8,26
LF:3
LH:3
BRF:0
BRH:0
end_of_record
TN:
SF:utils\fcm.js
FN:47,(anonymous_0)
FN:55,(anonymous_1)
FN:67,(anonymous_2)
FN:84,(anonymous_3)
FN:100,(anonymous_4)
FNF:5
FNH:0
FNDA:0,(anonymous_0)
FNDA:0,(anonymous_1)
FNDA:0,(anonymous_2)
FNDA:0,(anonymous_3)
FNDA:0,(anonymous_4)
DA:1,25
DA:2,25
DA:3,25
DA:4,25
DA:5,25
DA:6,25
DA:8,25
DA:10,25
DA:11,25
DA:14,25
DA:15,25
DA:16,25
DA:17,25
DA:20,0
DA:21,0
DA:22,0
DA:23,0
DA:25,0
DA:29,25
DA:30,25
DA:33,25
DA:34,25
DA:36,0
DA:39,0
DA:47,25
DA:48,0
DA:49,0
DA:50,0
DA:51,0
DA:52,0
DA:55,0
DA:58,0
DA:59,0
DA:60,0
DA:61,0
DA:65,0
DA:66,0
DA:67,0
DA:68,0
DA:72,0
DA:78,0
DA:79,0
DA:82,0
DA:83,0
DA:84,0
DA:85,0
DA:86,0
DA:87,0
DA:92,0
DA:94,0
DA:98,0
DA:99,0
DA:100,0
DA:101,0
DA:105,0
LF:55
LH:18
BRDA:15,0,0,25
BRDA:15,0,1,0
BRDA:20,1,0,0
BRDA:20,1,1,0
BRDA:29,2,0,25
BRDA:29,2,1,0
BRDA:49,3,0,0
BRDA:49,3,1,0
BRDA:51,4,0,0
BRDA:51,4,1,0
BRDA:51,5,0,0
BRDA:51,5,1,0
BRDA:51,5,2,0
BRDA:58,6,0,0
BRDA:58,6,1,0
BRDA:66,7,0,0
BRDA:66,7,1,0
BRDA:82,8,0,0
BRDA:82,8,1,0
BRDA:85,9,0,0
BRDA:85,9,1,0
BRDA:87,10,0,0
BRDA:87,10,1,0
BRDA:88,11,0,0
BRDA:88,11,1,0
BRDA:88,11,2,0
BRDA:98,12,0,0
BRDA:98,12,1,0
BRF:28
BRH:2
end_of_record
TN:
SF:utils\logger.js
FN:5,(anonymous_0)
FNF:1
FNH:1
FNDA:143,(anonymous_0)
DA:1,39
DA:2,39
DA:5,39
DA:6,143
DA:10,39
DA:28,39
LF:6
LH:6
BRDA:11,0,0,0
BRDA:11,0,1,39
BRF:2
BRH:1
end_of_record
TN:
SF:utils\validation.js
FN:8,(anonymous_0)
FN:18,(anonymous_1)
FN:29,(anonymous_2)
FN:72,(anonymous_3)
FNF:4
FNH:4
FNDA:6,(anonymous_0)
FNDA:5,(anonymous_1)
FNDA:5,(anonymous_2)
FNDA:4,(anonymous_3)
DA:8,1
DA:9,6
DA:10,6
DA:18,1
DA:20,5
DA:21,5
DA:29,1
DA:30,5
DA:31,1
DA:38,4
DA:39,1
DA:46,3
DA:47,1
DA:54,2
DA:55,1
DA:61,1
DA:72,1
DA:73,4
DA:74,4
DA:75,2
DA:77,2
DA:81,1
LF:22
LH:22
BRDA:30,0,0,1
BRDA:30,0,1,4
BRDA:38,1,0,1
BRDA:38,1,1,3
BRDA:46,2,0,1
BRDA:46,2,1,2
BRDA:54,3,0,1
BRDA:54,3,1,1
BRF:8
BRH:8
end_of_record
TN:
SF:validators\authValidators.js
FNF:0
FNH:0
DA:1,23
DA:3,23
DA:9,23
DA:14,23
DA:18,23
DA:23,23
LF:6
LH:6
BRF:0
BRH:0
end_of_record
TN:
SF:validators\channelPartnerValidators.js
FNF:0
FNH:0
DA:1,23
DA:3,23
LF:2
LH:2
BRF:0
BRH:0
end_of_record
TN:
SF:validators\leadValidators.js
FNF:0
FNH:0
DA:1,23
DA:3,23
LF:2
LH:2
BRF:0
BRH:0
end_of_record
TN:
SF:validators\projectValidators.js
FNF:0
FNH:0
DA:1,23
DA:3,23
DA:9,23
LF:3
LH:3
BRF:0
BRH:0
end_of_record
TN:
SF:validators\userValidators.js
FNF:0
FNH:0
DA:1,23
DA:3,23
DA:10,23
LF:3
LH:3
BRF:0
BRH:0
end_of_record
TN:
SF:validators\validate.js
FN:4,(anonymous_0)
FN:7,(anonymous_1)
FNF:2
FNH:2
FNDA:83,(anonymous_0)
FNDA:17,(anonymous_1)
DA:1,23
DA:2,23
DA:4,23
DA:5,83
DA:6,83
DA:7,17
DA:8,11
DA:10,72
DA:13,23
LF:9
LH:9
BRDA:6,0,0,11
BRDA:6,0,1,72
BRF:2
BRH:2
end_of_record
